23:32:05 **** Incremental Build of configuration Debug for project Gil.Miguel.Lab1.1A ****
Info: Internal Builder is used for build
gcc -O0 -g3 -Wall -c -fmessage-length=0 -o "src\\Gil.Miguel.Lab1.1A.o" "..\\src\\Gil.Miguel.Lab1.1A.c" 
gcc -O0 -g3 -Wall -c -fmessage-length=0 -o "src\\Trabajo.o" "..\\src\\Trabajo.c" 
..\src\Trabajo.c: In function 'altaTrabajo':
..\src\Trabajo.c:128:41: warning: passing argument 2 of 'listarNotebooks' makes integer from pointer without a cast [-Wint-conversion]
  128 |              listarNotebooks(notebooks, marcas, tamMar, tipos, tamTip);
      |                                         ^~~~~~
      |                                         |
      |                                         eMarca * {aka struct <anonymous> *}
In file included from ..\src\Trabajo.h:11,
                 from ..\src\Trabajo.c:13:
..\src\Notebook.h:46:42: note: expected 'int' but argument is of type 'eMarca *' {aka 'struct <anonymous> *'}
   46 | int listarNotebooks(eNotebook vec[], int tamNot, eMarca marcas[], int tamMar, eTipo tipos[], int tamTip);
      |                                      ~~~~^~~~~~
..\src\Trabajo.c:128:49: warning: passing argument 3 of 'listarNotebooks' makes pointer from integer without a cast [-Wint-conversion]
  128 |              listarNotebooks(notebooks, marcas, tamMar, tipos, tamTip);
      |                                                 ^~~~~~
      |                                                 |
      |                                                 int
In file included from ..\src\Trabajo.h:11,
                 from ..\src\Trabajo.c:13:
..\src\Notebook.h:46:57: note: expected 'eMarca *' {aka 'struct <anonymous> *'} but argument is of type 'int'
   46 | int listarNotebooks(eNotebook vec[], int tamNot, eMarca marcas[], int tamMar, eTipo tipos[], int tamTip);
      |                                                  ~~~~~~~^~~~~~~~
..\src\Trabajo.c:128:57: warning: passing argument 4 of 'listarNotebooks' makes integer from pointer without a cast [-Wint-conversion]
  128 |              listarNotebooks(notebooks, marcas, tamMar, tipos, tamTip);
      |                                                         ^~~~~
      |                                                         |
      |                                                         eTipo * {aka struct <anonymous> *}
In file included from ..\src\Trabajo.h:11,
                 from ..\src\Trabajo.c:13:
..\src\Notebook.h:46:71: note: expected 'int' but argument is of type 'eTipo *' {aka 'struct <anonymous> *'}
   46 | int listarNotebooks(eNotebook vec[], int tamNot, eMarca marcas[], int tamMar, eTipo tipos[], int tamTip);
      |                                                                   ~~~~^~~~~~
..\src\Trabajo.c:128:64: warning: passing argument 5 of 'listarNotebooks' makes pointer from integer without a cast [-Wint-conversion]
  128 |              listarNotebooks(notebooks, marcas, tamMar, tipos, tamTip);
      |                                                                ^~~~~~
      |                                                                |
      |                                                                int
In file included from ..\src\Trabajo.h:11,
                 from ..\src\Trabajo.c:13:
..\src\Notebook.h:46:85: note: expected 'eTipo *' {aka 'struct <anonymous> *'} but argument is of type 'int'
   46 | int listarNotebooks(eNotebook vec[], int tamNot, eMarca marcas[], int tamMar, eTipo tipos[], int tamTip);
      |                                                                               ~~~~~~^~~~~~~
..\src\Trabajo.c:128:14: error: too few arguments to function 'listarNotebooks'
  128 |              listarNotebooks(notebooks, marcas, tamMar, tipos, tamTip);
      |              ^~~~~~~~~~~~~~~
In file included from ..\src\Trabajo.c:15:
..\src\Notebook.h:46:5: note: declared here
   46 | int listarNotebooks(eNotebook vec[], int tamNot, eMarca marcas[], int tamMar, eTipo tipos[], int tamTip);
      |     ^~~~~~~~~~~~~~~
23:32:48 **** Incremental Build of configuration Debug for project Gil.Miguel.Lab1.1A ****
Info: Internal Builder is used for build
gcc -O0 -g3 -Wall -c -fmessage-length=0 -o "src\\Trabajo.o" "..\\src\\Trabajo.c" 
gcc -O0 -g3 -Wall -c -fmessage-length=0 -o "src\\Notebook.o" "..\\src\\Notebook.c" 
gcc -O0 -g3 -Wall -c -fmessage-length=0 -o "src\\Fecha.o" "..\\src\\Fecha.c" 
gcc -o Gil.Miguel.Lab1.1A.exe "src\\Fecha.o" "src\\Gil.Miguel.Lab1.1A.o" "src\\Marca.o" "src\\Menu.o" "src\\Notebook.o" "src\\Servicio.o" "src\\Tipo.o" "src\\Trabajo.o" "src\\Validaciones.o" 
Info: Nothing to build for Gil.Miguel.Lab1.1A
23:36:40 **** Incremental Build of configuration Debug for project Gil.Miguel.Lab1.1A ****
Info: Internal Builder is used for build
gcc -O0 -g3 -Wall -c -fmessage-length=0 -o "src\\Gil.Miguel.Lab1.1A.o" "..\\src\\Gil.Miguel.Lab1.1A.c" 
gcc -O0 -g3 -Wall -c -fmessage-length=0 -o "src\\Trabajo.o" "..\\src\\Trabajo.c" 
gcc -O0 -g3 -Wall -c -fmessage-length=0 -o "src\\Tipo.o" "..\\src\\Tipo.c" 
gcc -o Gil.Miguel.Lab1.1A.exe "src\\Fecha.o" "src\\Gil.Miguel.Lab1.1A.o" "src\\Marca.o" "src\\Menu.o" "src\\Notebook.o" "src\\Servicio.o" "src\\Tipo.o" "src\\Trabajo.o" "src\\Validaciones.o" 
c:/mingw/bin/../lib/gcc/mingw32/9.2.0/../../../../mingw32/bin/ld.exe: cannot open output file Gil.Miguel.Lab1.1A.exe: Permission denied
collect2.exe: error: ld returned 1 exit status
23:37:26 **** Incremental Build of configuration Debug for project Gil.Miguel.Lab1.1A ****
Info: Internal Builder is used for build
gcc -o Gil.Miguel.Lab1.1A.exe "src\\Fecha.o" "src\\Gil.Miguel.Lab1.1A.o" "src\\Marca.o" "src\\Menu.o" "src\\Notebook.o" "src\\Servicio.o" "src\\Tipo.o" "src\\Trabajo.o" "src\\Validaciones.o" 
Info: Nothing to build for Gil.Miguel.Lab1.1A
23:38:17 **** Incremental Build of configuration Debug for project Gil.Miguel.Lab1.1A ****
Info: Internal Builder is used for build
gcc -O0 -g3 -Wall -c -fmessage-length=0 -o "src\\Trabajo.o" "..\\src\\Trabajo.c" 
gcc -o Gil.Miguel.Lab1.1A.exe "src\\Fecha.o" "src\\Gil.Miguel.Lab1.1A.o" "src\\Marca.o" "src\\Menu.o" "src\\Notebook.o" "src\\Servicio.o" "src\\Tipo.o" "src\\Trabajo.o" "src\\Validaciones.o" 
23:43:00 **** Incremental Build of configuration Debug for project Gil.Miguel.Lab1.1A ****
Info: Internal Builder is used for build
gcc -O0 -g3 -Wall -c -fmessage-length=0 -o "src\\Trabajo.o" "..\\src\\Trabajo.c" 
..\src\Trabajo.c: In function 'altaTrabajo':
..\src\Trabajo.c:165:27: error: incompatible type for argument 1 of 'validarFecha'
  165 |              validarFecha(&fecha.dia, &fecha.mes, &fecha.anio);
      |                           ^~~~~~~~~~
      |                           |
      |                           int *
In file included from ..\src\Trabajo.c:12:
..\src\Fecha.h:25:25: note: expected 'eFecha' {aka 'struct <anonymous>'} but argument is of type 'int *'
   25 | int validarFecha(eFecha dia, eFecha mes, eFecha anio);
      |                  ~~~~~~~^~~
..\src\Trabajo.c:165:39: error: incompatible type for argument 2 of 'validarFecha'
  165 |              validarFecha(&fecha.dia, &fecha.mes, &fecha.anio);
      |                                       ^~~~~~~~~~
      |                                       |
      |                                       int *
In file included from ..\src\Trabajo.c:12:
..\src\Fecha.h:25:37: note: expected 'eFecha' {aka 'struct <anonymous>'} but argument is of type 'int *'
   25 | int validarFecha(eFecha dia, eFecha mes, eFecha anio);
      |                              ~~~~~~~^~~
..\src\Trabajo.c:165:51: error: incompatible type for argument 3 of 'validarFecha'
  165 |              validarFecha(&fecha.dia, &fecha.mes, &fecha.anio);
      |                                                   ^~~~~~~~~~~
      |                                                   |
      |                                                   int *
In file included from ..\src\Trabajo.c:12:
..\src\Fecha.h:25:49: note: expected 'eFecha' {aka 'struct <anonymous>'} but argument is of type 'int *'
   25 | int validarFecha(eFecha dia, eFecha mes, eFecha anio);
      |                                          ~~~~~~~^~~~
..\src\Trabajo.c:115:9: warning: unused variable 'validFecha' [-Wunused-variable]
  115 |     int validFecha = 0;
      |         ^~~~~~~~~~
23:43:10 **** Incremental Build of configuration Debug for project Gil.Miguel.Lab1.1A ****
Info: Internal Builder is used for build
gcc -O0 -g3 -Wall -c -fmessage-length=0 -o "src\\Fecha.o" "..\\src\\Fecha.c" 
gcc -O0 -g3 -Wall -c -fmessage-length=0 -o "src\\Gil.Miguel.Lab1.1A.o" "..\\src\\Gil.Miguel.Lab1.1A.c" 
gcc -O0 -g3 -Wall -c -fmessage-length=0 -o "src\\Trabajo.o" "..\\src\\Trabajo.c" 
..\src\Trabajo.c: In function 'altaTrabajo':
..\src\Trabajo.c:165:32: error: incompatible type for argument 1 of 'validarFecha'
  165 |              validarFecha(fecha.dia, fecha.mes, fecha.anio);
      |                           ~~~~~^~~~
      |                                |
      |                                int
In file included from ..\src\Trabajo.c:12:
..\src\Fecha.h:25:25: note: expected 'eFecha' {aka 'struct <anonymous>'} but argument is of type 'int'
   25 | int validarFecha(eFecha dia, eFecha mes, eFecha anio);
      |                  ~~~~~~~^~~
..\src\Trabajo.c:165:43: error: incompatible type for argument 2 of 'validarFecha'
  165 |              validarFecha(fecha.dia, fecha.mes, fecha.anio);
      |                                      ~~~~~^~~~
      |                                           |
      |                                           int
In file included from ..\src\Trabajo.c:12:
..\src\Fecha.h:25:37: note: expected 'eFecha' {aka 'struct <anonymous>'} but argument is of type 'int'
   25 | int validarFecha(eFecha dia, eFecha mes, eFecha anio);
      |                              ~~~~~~~^~~
..\src\Trabajo.c:165:54: error: incompatible type for argument 3 of 'validarFecha'
  165 |              validarFecha(fecha.dia, fecha.mes, fecha.anio);
      |                                                 ~~~~~^~~~~
      |                                                      |
      |                                                      int
In file included from ..\src\Trabajo.c:12:
..\src\Fecha.h:25:49: note: expected 'eFecha' {aka 'struct <anonymous>'} but argument is of type 'int'
   25 | int validarFecha(eFecha dia, eFecha mes, eFecha anio);
      |                                          ~~~~~~~^~~~
..\src\Trabajo.c:115:9: warning: unused variable 'validFecha' [-Wunused-variable]
  115 |     int validFecha = 0;
      |         ^~~~~~~~~~
23:43:31 **** Incremental Build of configuration Debug for project Gil.Miguel.Lab1.1A ****
Info: Internal Builder is used for build
gcc -O0 -g3 -Wall -c -fmessage-length=0 -o "src\\Fecha.o" "..\\src\\Fecha.c" 
gcc -O0 -g3 -Wall -c -fmessage-length=0 -o "src\\Gil.Miguel.Lab1.1A.o" "..\\src\\Gil.Miguel.Lab1.1A.c" 
gcc -O0 -g3 -Wall -c -fmessage-length=0 -o "src\\Trabajo.o" "..\\src\\Trabajo.c" 
..\src\Trabajo.c: In function 'altaTrabajo':
..\src\Trabajo.c:165:32: warning: passing argument 1 of 'validarFecha' makes pointer from integer without a cast [-Wint-conversion]
  165 |              validarFecha(fecha.dia, fecha.mes, fecha.anio);
      |                           ~~~~~^~~~
      |                                |
      |                                int
In file included from ..\src\Trabajo.c:12:
..\src\Fecha.h:25:26: note: expected 'eFecha *' {aka 'struct <anonymous> *'} but argument is of type 'int'
   25 | int validarFecha(eFecha* dia, eFecha* mes, eFecha* anio);
      |                  ~~~~~~~~^~~
..\src\Trabajo.c:165:43: warning: passing argument 2 of 'validarFecha' makes pointer from integer without a cast [-Wint-conversion]
  165 |              validarFecha(fecha.dia, fecha.mes, fecha.anio);
      |                                      ~~~~~^~~~
      |                                           |
      |                                           int
In file included from ..\src\Trabajo.c:12:
..\src\Fecha.h:25:39: note: expected 'eFecha *' {aka 'struct <anonymous> *'} but argument is of type 'int'
   25 | int validarFecha(eFecha* dia, eFecha* mes, eFecha* anio);
      |                               ~~~~~~~~^~~
..\src\Trabajo.c:165:54: warning: passing argument 3 of 'validarFecha' makes pointer from integer without a cast [-Wint-conversion]
  165 |              validarFecha(fecha.dia, fecha.mes, fecha.anio);
      |                                                 ~~~~~^~~~~
      |                                                      |
      |                                                      int
In file included from ..\src\Trabajo.c:12:
..\src\Fecha.h:25:52: note: expected 'eFecha *' {aka 'struct <anonymous> *'} but argument is of type 'int'
   25 | int validarFecha(eFecha* dia, eFecha* mes, eFecha* anio);
      |                                            ~~~~~~~~^~~~
..\src\Trabajo.c:115:9: warning: unused variable 'validFecha' [-Wunused-variable]
  115 |     int validFecha = 0;
      |         ^~~~~~~~~~
..\src\Trabajo.c:165:54: warning: 'fecha.anio' may be used uninitialized in this function [-Wmaybe-uninitialized]
  165 |              validarFecha(fecha.dia, fecha.mes, fecha.anio);
      |                                                 ~~~~~^~~~~
..\src\Trabajo.c:165:43: warning: 'fecha.mes' may be used uninitialized in this function [-Wmaybe-uninitialized]
  165 |              validarFecha(fecha.dia, fecha.mes, fecha.anio);
      |                                      ~~~~~^~~~
..\src\Trabajo.c:165:32: warning: 'fecha.dia' may be used uninitialized in this function [-Wmaybe-uninitialized]
  165 |              validarFecha(fecha.dia, fecha.mes, fecha.anio);
      |                           ~~~~~^~~~
..\src\Trabajo.c:167:39: warning: 'fecha' may be used uninitialized in this function [-Wmaybe-uninitialized]
  167 |                 nuevoTrabajo.fPactada = fecha;
      |                 ~~~~~~~~~~~~~~~~~~~~~~^~~~~~~
gcc -o Gil.Miguel.Lab1.1A.exe "src\\Fecha.o" "src\\Gil.Miguel.Lab1.1A.o" "src\\Marca.o" "src\\Menu.o" "src\\Notebook.o" "src\\Servicio.o" "src\\Tipo.o" "src\\Trabajo.o" "src\\Validaciones.o" 
23:43:45 **** Incremental Build of configuration Debug for project Gil.Miguel.Lab1.1A ****
Info: Internal Builder is used for build
gcc -O0 -g3 -Wall -c -fmessage-length=0 -o "src\\Trabajo.o" "..\\src\\Trabajo.c" 
..\src\Trabajo.c: In function 'altaTrabajo':
..\src\Trabajo.c:165:27: warning: passing argument 1 of 'validarFecha' from incompatible pointer type [-Wincompatible-pointer-types]
  165 |              validarFecha(&fecha.dia, &fecha.mes, &fecha.anio);
      |                           ^~~~~~~~~~
      |                           |
      |                           int *
In file included from ..\src\Trabajo.c:12:
..\src\Fecha.h:25:26: note: expected 'eFecha *' {aka 'struct <anonymous> *'} but argument is of type 'int *'
   25 | int validarFecha(eFecha* dia, eFecha* mes, eFecha* anio);
      |                  ~~~~~~~~^~~
..\src\Trabajo.c:165:39: warning: passing argument 2 of 'validarFecha' from incompatible pointer type [-Wincompatible-pointer-types]
  165 |              validarFecha(&fecha.dia, &fecha.mes, &fecha.anio);
      |                                       ^~~~~~~~~~
      |                                       |
      |                                       int *
In file included from ..\src\Trabajo.c:12:
..\src\Fecha.h:25:39: note: expected 'eFecha *' {aka 'struct <anonymous> *'} but argument is of type 'int *'
   25 | int validarFecha(eFecha* dia, eFecha* mes, eFecha* anio);
      |                               ~~~~~~~~^~~
..\src\Trabajo.c:165:51: warning: passing argument 3 of 'validarFecha' from incompatible pointer type [-Wincompatible-pointer-types]
  165 |              validarFecha(&fecha.dia, &fecha.mes, &fecha.anio);
      |                                                   ^~~~~~~~~~~
      |                                                   |
      |                                                   int *
In file included from ..\src\Trabajo.c:12:
..\src\Fecha.h:25:52: note: expected 'eFecha *' {aka 'struct <anonymous> *'} but argument is of type 'int *'
   25 | int validarFecha(eFecha* dia, eFecha* mes, eFecha* anio);
      |                                            ~~~~~~~~^~~~
..\src\Trabajo.c:115:9: warning: unused variable 'validFecha' [-Wunused-variable]
  115 |     int validFecha = 0;
      |         ^~~~~~~~~~
gcc -o Gil.Miguel.Lab1.1A.exe "src\\Fecha.o" "src\\Gil.Miguel.Lab1.1A.o" "src\\Marca.o" "src\\Menu.o" "src\\Notebook.o" "src\\Servicio.o" "src\\Tipo.o" "src\\Trabajo.o" "src\\Validaciones.o" 
23:44:14 **** Incremental Build of configuration Debug for project Gil.Miguel.Lab1.1A ****
Info: Internal Builder is used for build
gcc -O0 -g3 -Wall -c -fmessage-length=0 -o "src\\Trabajo.o" "..\\src\\Trabajo.c" 
..\src\Trabajo.c: In function 'altaTrabajo':
..\src\Trabajo.c:165:33: error: invalid type argument of '->' (have 'eFecha' {aka 'struct <anonymous>'})
  165 |              validarFecha(&fecha->dia, &fecha->mes, &fecha->anio);
      |                                 ^~
..\src\Trabajo.c:165:46: error: invalid type argument of '->' (have 'eFecha' {aka 'struct <anonymous>'})
  165 |              validarFecha(&fecha->dia, &fecha->mes, &fecha->anio);
      |                                              ^~
..\src\Trabajo.c:165:59: error: invalid type argument of '->' (have 'eFecha' {aka 'struct <anonymous>'})
  165 |              validarFecha(&fecha->dia, &fecha->mes, &fecha->anio);
      |                                                           ^~
..\src\Trabajo.c:115:9: warning: unused variable 'validFecha' [-Wunused-variable]
  115 |     int validFecha = 0;
      |         ^~~~~~~~~~
23:55:14 **** Incremental Build of configuration Debug for project Gil.Miguel.Lab1.1A ****
Info: Internal Builder is used for build
gcc -O0 -g3 -Wall -c -fmessage-length=0 -o "src\\Trabajo.o" "..\\src\\Trabajo.c" 
gcc -O0 -g3 -Wall -c -fmessage-length=0 -o "src\\Fecha.o" "..\\src\\Fecha.c" 
gcc -O0 -g3 -Wall -c -fmessage-length=0 -o "src\\Gil.Miguel.Lab1.1A.o" "..\\src\\Gil.Miguel.Lab1.1A.c" 
gcc -o Gil.Miguel.Lab1.1A.exe "src\\Fecha.o" "src\\Gil.Miguel.Lab1.1A.o" "src\\Marca.o" "src\\Menu.o" "src\\Notebook.o" "src\\Servicio.o" "src\\Tipo.o" "src\\Trabajo.o" "src\\Validaciones.o" 
00:12:41 **** Incremental Build of configuration Debug for project Gil.Miguel.Lab1.1A ****
Info: Internal Builder is used for build
gcc -O0 -g3 -Wall -c -fmessage-length=0 -o "src\\Trabajo.o" "..\\src\\Trabajo.c" 
gcc -o Gil.Miguel.Lab1.1A.exe "src\\Fecha.o" "src\\Gil.Miguel.Lab1.1A.o" "src\\Marca.o" "src\\Menu.o" "src\\Notebook.o" "src\\Servicio.o" "src\\Tipo.o" "src\\Trabajo.o" "src\\Validaciones.o" 
00:15:41 **** Incremental Build of configuration Debug for project Gil.Miguel.Lab1.1A ****
Info: Internal Builder is used for build
gcc -O0 -g3 -Wall -c -fmessage-length=0 -o "src\\Trabajo.o" "..\\src\\Trabajo.c" 
gcc -o Gil.Miguel.Lab1.1A.exe "src\\Fecha.o" "src\\Gil.Miguel.Lab1.1A.o" "src\\Marca.o" "src\\Menu.o" "src\\Notebook.o" "src\\Servicio.o" "src\\Tipo.o" "src\\Trabajo.o" "src\\Validaciones.o" 
00:19:29 **** Incremental Build of configuration Debug for project Gil.Miguel.Lab1.1A ****
Info: Internal Builder is used for build
gcc -O0 -g3 -Wall -c -fmessage-length=0 -o "src\\Trabajo.o" "..\\src\\Trabajo.c" 
gcc -o Gil.Miguel.Lab1.1A.exe "src\\Fecha.o" "src\\Gil.Miguel.Lab1.1A.o" "src\\Marca.o" "src\\Menu.o" "src\\Notebook.o" "src\\Servicio.o" "src\\Tipo.o" "src\\Trabajo.o" "src\\Validaciones.o" 
00:20:47 **** Incremental Build of configuration Debug for project Gil.Miguel.Lab1.1A ****
Info: Internal Builder is used for build
gcc -O0 -g3 -Wall -c -fmessage-length=0 -o "src\\Trabajo.o" "..\\src\\Trabajo.c" 
gcc -o Gil.Miguel.Lab1.1A.exe "src\\Fecha.o" "src\\Gil.Miguel.Lab1.1A.o" "src\\Marca.o" "src\\Menu.o" "src\\Notebook.o" "src\\Servicio.o" "src\\Tipo.o" "src\\Trabajo.o" "src\\Validaciones.o" 
c:/mingw/bin/../lib/gcc/mingw32/9.2.0/../../../../mingw32/bin/ld.exe: cannot open output file Gil.Miguel.Lab1.1A.exe: Permission denied
collect2.exe: error: ld returned 1 exit status
00:21:09 **** Incremental Build of configuration Debug for project Gil.Miguel.Lab1.1A ****
Info: Internal Builder is used for build
gcc -o Gil.Miguel.Lab1.1A.exe "src\\Fecha.o" "src\\Gil.Miguel.Lab1.1A.o" "src\\Marca.o" "src\\Menu.o" "src\\Notebook.o" "src\\Servicio.o" "src\\Tipo.o" "src\\Trabajo.o" "src\\Validaciones.o" 
c:/mingw/bin/../lib/gcc/mingw32/9.2.0/../../../../mingw32/bin/ld.exe: cannot open output file Gil.Miguel.Lab1.1A.exe: Permission denied
collect2.exe: error: ld returned 1 exit status
00:21:34 **** Incremental Build of configuration Debug for project Gil.Miguel.Lab1.1A ****
Info: Internal Builder is used for build
gcc -o Gil.Miguel.Lab1.1A.exe "src\\Fecha.o" "src\\Gil.Miguel.Lab1.1A.o" "src\\Marca.o" "src\\Menu.o" "src\\Notebook.o" "src\\Servicio.o" "src\\Tipo.o" "src\\Trabajo.o" "src\\Validaciones.o" 
c:/mingw/bin/../lib/gcc/mingw32/9.2.0/../../../../mingw32/bin/ld.exe: cannot open output file Gil.Miguel.Lab1.1A.exe: Permission denied
collect2.exe: error: ld returned 1 exit status
00:21:36 **** Incremental Build of configuration Debug for project Gil.Miguel.Lab1.1A ****
Info: Internal Builder is used for build
gcc -o Gil.Miguel.Lab1.1A.exe "src\\Fecha.o" "src\\Gil.Miguel.Lab1.1A.o" "src\\Marca.o" "src\\Menu.o" "src\\Notebook.o" "src\\Servicio.o" "src\\Tipo.o" "src\\Trabajo.o" "src\\Validaciones.o" 
00:23:14 **** Incremental Build of configuration Debug for project Gil.Miguel.Lab1.1A ****
Info: Internal Builder is used for build
gcc -O0 -g3 -Wall -c -fmessage-length=0 -o "src\\Trabajo.o" "..\\src\\Trabajo.c" 
gcc -o Gil.Miguel.Lab1.1A.exe "src\\Fecha.o" "src\\Gil.Miguel.Lab1.1A.o" "src\\Marca.o" "src\\Menu.o" "src\\Notebook.o" "src\\Servicio.o" "src\\Tipo.o" "src\\Trabajo.o" "src\\Validaciones.o" 
00:24:31 **** Incremental Build of configuration Debug for project Gil.Miguel.Lab1.1A ****
Info: Internal Builder is used for build
gcc -O0 -g3 -Wall -c -fmessage-length=0 -o "src\\Trabajo.o" "..\\src\\Trabajo.c" 
gcc -o Gil.Miguel.Lab1.1A.exe "src\\Fecha.o" "src\\Gil.Miguel.Lab1.1A.o" "src\\Marca.o" "src\\Menu.o" "src\\Notebook.o" "src\\Servicio.o" "src\\Tipo.o" "src\\Trabajo.o" "src\\Validaciones.o" 
00:29:45 **** Incremental Build of configuration Debug for project Gil.Miguel.Lab1.1A ****
Info: Internal Builder is used for build
gcc -O0 -g3 -Wall -c -fmessage-length=0 -o "src\\Trabajo.o" "..\\src\\Trabajo.c" 
gcc -o Gil.Miguel.Lab1.1A.exe "src\\Fecha.o" "src\\Gil.Miguel.Lab1.1A.o" "src\\Marca.o" "src\\Menu.o" "src\\Notebook.o" "src\\Servicio.o" "src\\Tipo.o" "src\\Trabajo.o" "src\\Validaciones.o" 
00:31:29 **** Incremental Build of configuration Debug for project Gil.Miguel.Lab1.1A ****
Info: Internal Builder is used for build
gcc -O0 -g3 -Wall -c -fmessage-length=0 -o "src\\Trabajo.o" "..\\src\\Trabajo.c" 
gcc -o Gil.Miguel.Lab1.1A.exe "src\\Fecha.o" "src\\Gil.Miguel.Lab1.1A.o" "src\\Marca.o" "src\\Menu.o" "src\\Notebook.o" "src\\Servicio.o" "src\\Tipo.o" "src\\Trabajo.o" "src\\Validaciones.o" 
02:22:15 **** Incremental Build of configuration Debug for project Gil.Miguel.Lab1.1A ****
Info: Internal Builder is used for build
gcc -O0 -g3 -Wall -c -fmessage-length=0 -o "src\\Gil.Miguel.Lab1.1A.o" "..\\src\\Gil.Miguel.Lab1.1A.c" 
..\src\Gil.Miguel.Lab1.1A.c: In function 'informarNotebooksMarca':
..\src\Gil.Miguel.Lab1.1A.c:184:17: error: too few arguments to function 'mostrarNotebook'
  184 |                 mostrarNotebook(vec[i], marcas, tamMar);
      |                 ^~~~~~~~~~~~~~~
In file included from ..\src\Trabajo.h:11,
                 from ..\src\Gil.Miguel.Lab1.1A.c:20:
..\src\Notebook.h:33:5: note: declared here
   33 | int mostrarNotebook(eNotebook lista, eMarca marcas[], int tamMar, eTipo tipos[], int tamTip);
      |     ^~~~~~~~~~~~~~~
02:24:22 **** Incremental Build of configuration Debug for project Gil.Miguel.Lab1.1A ****
Info: Internal Builder is used for build
gcc -O0 -g3 -Wall -c -fmessage-length=0 -o "src\\Menu.o" "..\\src\\Menu.c" 
gcc -O0 -g3 -Wall -c -fmessage-length=0 -o "src\\Gil.Miguel.Lab1.1A.o" "..\\src\\Gil.Miguel.Lab1.1A.c" 
gcc -O0 -g3 -Wall -c -fmessage-length=0 -o "src\\Fecha.o" "..\\src\\Fecha.c" 
gcc -O0 -g3 -Wall -c -fmessage-length=0 -o "src\\Trabajo.o" "..\\src\\Trabajo.c" 
gcc -o Gil.Miguel.Lab1.1A.exe "src\\Fecha.o" "src\\Gil.Miguel.Lab1.1A.o" "src\\Marca.o" "src\\Menu.o" "src\\Notebook.o" "src\\Servicio.o" "src\\Tipo.o" "src\\Trabajo.o" "src\\Validaciones.o" 
Info: Nothing to build for Gil.Miguel.Lab1.1A
Info: Nothing to build for Gil.Miguel.Lab1.1A
02:26:45 **** Incremental Build of configuration Debug for project Gil.Miguel.Lab1.1A ****
Info: Internal Builder is used for build
gcc -O0 -g3 -Wall -c -fmessage-length=0 -o "src\\Gil.Miguel.Lab1.1A.o" "..\\src\\Gil.Miguel.Lab1.1A.c" 
gcc -o Gil.Miguel.Lab1.1A.exe "src\\Fecha.o" "src\\Gil.Miguel.Lab1.1A.o" "src\\Marca.o" "src\\Menu.o" "src\\Notebook.o" "src\\Servicio.o" "src\\Tipo.o" "src\\Trabajo.o" "src\\Validaciones.o" 
02:28:39 **** Incremental Build of configuration Debug for project Gil.Miguel.Lab1.1A ****
Info: Internal Builder is used for build
gcc -O0 -g3 -Wall -c -fmessage-length=0 -o "src\\Gil.Miguel.Lab1.1A.o" "..\\src\\Gil.Miguel.Lab1.1A.c" 
gcc -o Gil.Miguel.Lab1.1A.exe "src\\Fecha.o" "src\\Gil.Miguel.Lab1.1A.o" "src\\Marca.o" "src\\Menu.o" "src\\Notebook.o" "src\\Servicio.o" "src\\Tipo.o" "src\\Trabajo.o" "src\\Validaciones.o" 
02:29:00 **** Incremental Build of configuration Debug for project Gil.Miguel.Lab1.1A ****
Info: Internal Builder is used for build
gcc -O0 -g3 -Wall -c -fmessage-length=0 -o "src\\Gil.Miguel.Lab1.1A.o" "..\\src\\Gil.Miguel.Lab1.1A.c" 
gcc -o Gil.Miguel.Lab1.1A.exe "src\\Fecha.o" "src\\Gil.Miguel.Lab1.1A.o" "src\\Marca.o" "src\\Menu.o" "src\\Notebook.o" "src\\Servicio.o" "src\\Tipo.o" "src\\Trabajo.o" "src\\Validaciones.o" 
02:36:26 **** Incremental Build of configuration Debug for project Gil.Miguel.Lab1.1A ****
Info: Internal Builder is used for build
gcc -O0 -g3 -Wall -c -fmessage-length=0 -o "src\\Gil.Miguel.Lab1.1A.o" "..\\src\\Gil.Miguel.Lab1.1A.c" 
gcc -O0 -g3 -Wall -c -fmessage-length=0 -o "src\\Menu.o" "..\\src\\Menu.c" 
gcc -o Gil.Miguel.Lab1.1A.exe "src\\Fecha.o" "src\\Gil.Miguel.Lab1.1A.o" "src\\Marca.o" "src\\Menu.o" "src\\Notebook.o" "src\\Servicio.o" "src\\Tipo.o" "src\\Trabajo.o" "src\\Validaciones.o" 
Info: Nothing to build for Gil.Miguel.Lab1.1A
03:27:46 **** Incremental Build of configuration Debug for project Gil.Miguel.Lab1.1A ****
Info: Internal Builder is used for build
gcc -O0 -g3 -Wall -c -fmessage-length=0 -o "src\\Fecha.o" "..\\src\\Fecha.c" 
gcc -O0 -g3 -Wall -c -fmessage-length=0 -o "src\\Gil.Miguel.Lab1.1A.o" "..\\src\\Gil.Miguel.Lab1.1A.c" 
..\src\Gil.Miguel.Lab1.1A.c: In function 'main':
..\src\Gil.Miguel.Lab1.1A.c:131:43: error: incompatible type for argument 3 of 'ordenarTrabajosPorFecha'
  131 |    ordenarTrabajosPorFecha(listaT, TAMTR, fechas, ASC);
      |                                           ^~~~~~
      |                                           |
      |                                           eFecha {aka struct <anonymous>}
..\src\Gil.Miguel.Lab1.1A.c:36:61: note: expected 'eFecha *' {aka 'struct <anonymous> *'} but argument is of type 'eFecha' {aka 'struct <anonymous>'}
   36 | int ordenarTrabajosPorFecha(eTrabajo vec[], int tam, eFecha fecha[], int criterio);
      |                                                      ~~~~~~~^~~~~~~
..\src\Gil.Miguel.Lab1.1A.c: In function 'ordenarTrabajosPorFecha':
..\src\Gil.Miguel.Lab1.1A.c:274:42: error: incompatible type for argument 1 of 'compararFechas'
  274 |                 if(((compararFechas(fecha[i], fecha[j]) > 0) && criterio)
      |                                     ~~~~~^~~
      |                                          |
      |                                          eFecha {aka struct <anonymous>}
In file included from ..\src\Trabajo.h:13,
                 from ..\src\Gil.Miguel.Lab1.1A.c:20:
..\src\Fecha.h:30:28: note: expected 'eFecha *' {aka 'struct <anonymous> *'} but argument is of type 'eFecha' {aka 'struct <anonymous>'}
   30 | int compararFechas(eFecha* fecha1, eFecha* fecha2);
      |                    ~~~~~~~~^~~~~~
..\src\Gil.Miguel.Lab1.1A.c:274:52: error: incompatible type for argument 2 of 'compararFechas'
  274 |                 if(((compararFechas(fecha[i], fecha[j]) > 0) && criterio)
      |                                               ~~~~~^~~
      |                                                    |
      |                                                    eFecha {aka struct <anonymous>}
In file included from ..\src\Trabajo.h:13,
                 from ..\src\Gil.Miguel.Lab1.1A.c:20:
..\src\Fecha.h:30:44: note: expected 'eFecha *' {aka 'struct <anonymous> *'} but argument is of type 'eFecha' {aka 'struct <anonymous>'}
   30 | int compararFechas(eFecha* fecha1, eFecha* fecha2);
      |                                    ~~~~~~~~^~~~~~
..\src\Gil.Miguel.Lab1.1A.c:275:42: error: incompatible type for argument 1 of 'compararFechas'
  275 |                 || ((compararFechas(fecha[i], fecha[j]) < 0) && !criterio))
      |                                     ~~~~~^~~
      |                                          |
      |                                          eFecha {aka struct <anonymous>}
In file included from ..\src\Trabajo.h:13,
                 from ..\src\Gil.Miguel.Lab1.1A.c:20:
..\src\Fecha.h:30:28: note: expected 'eFecha *' {aka 'struct <anonymous> *'} but argument is of type 'eFecha' {aka 'struct <anonymous>'}
   30 | int compararFechas(eFecha* fecha1, eFecha* fecha2);
      |                    ~~~~~~~~^~~~~~
..\src\Gil.Miguel.Lab1.1A.c:275:52: error: incompatible type for argument 2 of 'compararFechas'
  275 |                 || ((compararFechas(fecha[i], fecha[j]) < 0) && !criterio))
      |                                               ~~~~~^~~
      |                                                    |
      |                                                    eFecha {aka struct <anonymous>}
In file included from ..\src\Trabajo.h:13,
                 from ..\src\Gil.Miguel.Lab1.1A.c:20:
..\src\Fecha.h:30:44: note: expected 'eFecha *' {aka 'struct <anonymous> *'} but argument is of type 'eFecha' {aka 'struct <anonymous>'}
   30 | int compararFechas(eFecha* fecha1, eFecha* fecha2);
      |                                    ~~~~~~~~^~~~~~
03:28:21 **** Incremental Build of configuration Debug for project Gil.Miguel.Lab1.1A ****
Info: Internal Builder is used for build
gcc -O0 -g3 -Wall -c -fmessage-length=0 -o "src\\Trabajo.o" "..\\src\\Trabajo.c" 
gcc -O0 -g3 -Wall -c -fmessage-length=0 -o "src\\Gil.Miguel.Lab1.1A.o" "..\\src\\Gil.Miguel.Lab1.1A.c" 
..\src\Gil.Miguel.Lab1.1A.c: In function 'ordenarTrabajosPorFecha':
..\src\Gil.Miguel.Lab1.1A.c:274:42: error: incompatible type for argument 1 of 'compararFechas'
  274 |                 if(((compararFechas(fecha[i], fecha[j]) > 0) && criterio)
      |                                     ~~~~~^~~
      |                                          |
      |                                          eFecha {aka struct <anonymous>}
In file included from ..\src\Trabajo.h:13,
                 from ..\src\Gil.Miguel.Lab1.1A.c:20:
..\src\Fecha.h:30:28: note: expected 'eFecha *' {aka 'struct <anonymous> *'} but argument is of type 'eFecha' {aka 'struct <anonymous>'}
   30 | int compararFechas(eFecha* fecha1, eFecha* fecha2);
      |                    ~~~~~~~~^~~~~~
..\src\Gil.Miguel.Lab1.1A.c:274:52: error: incompatible type for argument 2 of 'compararFechas'
  274 |                 if(((compararFechas(fecha[i], fecha[j]) > 0) && criterio)
      |                                               ~~~~~^~~
      |                                                    |
      |                                                    eFecha {aka struct <anonymous>}
In file included from ..\src\Trabajo.h:13,
                 from ..\src\Gil.Miguel.Lab1.1A.c:20:
..\src\Fecha.h:30:44: note: expected 'eFecha *' {aka 'struct <anonymous> *'} but argument is of type 'eFecha' {aka 'struct <anonymous>'}
   30 | int compararFechas(eFecha* fecha1, eFecha* fecha2);
      |                                    ~~~~~~~~^~~~~~
..\src\Gil.Miguel.Lab1.1A.c:275:42: error: incompatible type for argument 1 of 'compararFechas'
  275 |                 || ((compararFechas(fecha[i], fecha[j]) < 0) && !criterio))
      |                                     ~~~~~^~~
      |                                          |
      |                                          eFecha {aka struct <anonymous>}
In file included from ..\src\Trabajo.h:13,
                 from ..\src\Gil.Miguel.Lab1.1A.c:20:
..\src\Fecha.h:30:28: note: expected 'eFecha *' {aka 'struct <anonymous> *'} but argument is of type 'eFecha' {aka 'struct <anonymous>'}
   30 | int compararFechas(eFecha* fecha1, eFecha* fecha2);
      |                    ~~~~~~~~^~~~~~
..\src\Gil.Miguel.Lab1.1A.c:275:52: error: incompatible type for argument 2 of 'compararFechas'
  275 |                 || ((compararFechas(fecha[i], fecha[j]) < 0) && !criterio))
      |                                               ~~~~~^~~
      |                                                    |
      |                                                    eFecha {aka struct <anonymous>}
In file included from ..\src\Trabajo.h:13,
                 from ..\src\Gil.Miguel.Lab1.1A.c:20:
..\src\Fecha.h:30:44: note: expected 'eFecha *' {aka 'struct <anonymous> *'} but argument is of type 'eFecha' {aka 'struct <anonymous>'}
   30 | int compararFechas(eFecha* fecha1, eFecha* fecha2);
      |                                    ~~~~~~~~^~~~~~
03:30:21 **** Incremental Build of configuration Debug for project Gil.Miguel.Lab1.1A ****
Info: Internal Builder is used for build
gcc -O0 -g3 -Wall -c -fmessage-length=0 -o "src\\Gil.Miguel.Lab1.1A.o" "..\\src\\Gil.Miguel.Lab1.1A.c" 
..\src\Gil.Miguel.Lab1.1A.c: In function 'ordenarTrabajosPorFecha':
..\src\Gil.Miguel.Lab1.1A.c:276:37: error: incompatible type for argument 1 of 'compararFechas'
  276 |                 if(((compararFechas(fecha1, fecha2) > 0) && criterio)
      |                                     ^~~~~~
      |                                     |
      |                                     eFecha {aka struct <anonymous>}
In file included from ..\src\Trabajo.h:13,
                 from ..\src\Gil.Miguel.Lab1.1A.c:20:
..\src\Fecha.h:30:28: note: expected 'eFecha *' {aka 'struct <anonymous> *'} but argument is of type 'eFecha' {aka 'struct <anonymous>'}
   30 | int compararFechas(eFecha* fecha1, eFecha* fecha2);
      |                    ~~~~~~~~^~~~~~
..\src\Gil.Miguel.Lab1.1A.c:276:45: error: incompatible type for argument 2 of 'compararFechas'
  276 |                 if(((compararFechas(fecha1, fecha2) > 0) && criterio)
      |                                             ^~~~~~
      |                                             |
      |                                             eFecha {aka struct <anonymous>}
In file included from ..\src\Trabajo.h:13,
                 from ..\src\Gil.Miguel.Lab1.1A.c:20:
..\src\Fecha.h:30:44: note: expected 'eFecha *' {aka 'struct <anonymous> *'} but argument is of type 'eFecha' {aka 'struct <anonymous>'}
   30 | int compararFechas(eFecha* fecha1, eFecha* fecha2);
      |                                    ~~~~~~~~^~~~~~
..\src\Gil.Miguel.Lab1.1A.c:277:37: error: incompatible type for argument 1 of 'compararFechas'
  277 |                 || ((compararFechas(fecha1, fecha2) < 0) && !criterio))
      |                                     ^~~~~~
      |                                     |
      |                                     eFecha {aka struct <anonymous>}
In file included from ..\src\Trabajo.h:13,
                 from ..\src\Gil.Miguel.Lab1.1A.c:20:
..\src\Fecha.h:30:28: note: expected 'eFecha *' {aka 'struct <anonymous> *'} but argument is of type 'eFecha' {aka 'struct <anonymous>'}
   30 | int compararFechas(eFecha* fecha1, eFecha* fecha2);
      |                    ~~~~~~~~^~~~~~
..\src\Gil.Miguel.Lab1.1A.c:277:45: error: incompatible type for argument 2 of 'compararFechas'
  277 |                 || ((compararFechas(fecha1, fecha2) < 0) && !criterio))
      |                                             ^~~~~~
      |                                             |
      |                                             eFecha {aka struct <anonymous>}
In file included from ..\src\Trabajo.h:13,
                 from ..\src\Gil.Miguel.Lab1.1A.c:20:
..\src\Fecha.h:30:44: note: expected 'eFecha *' {aka 'struct <anonymous> *'} but argument is of type 'eFecha' {aka 'struct <anonymous>'}
   30 | int compararFechas(eFecha* fecha1, eFecha* fecha2);
      |                                    ~~~~~~~~^~~~~~
03:30:29 **** Incremental Build of configuration Debug for project Gil.Miguel.Lab1.1A ****
Info: Internal Builder is used for build
gcc -O0 -g3 -Wall -c -fmessage-length=0 -o "src\\Gil.Miguel.Lab1.1A.o" "..\\src\\Gil.Miguel.Lab1.1A.c" 
gcc -o Gil.Miguel.Lab1.1A.exe "src\\Fecha.o" "src\\Gil.Miguel.Lab1.1A.o" "src\\Marca.o" "src\\Menu.o" "src\\Notebook.o" "src\\Servicio.o" "src\\Tipo.o" "src\\Trabajo.o" "src\\Validaciones.o" 
03:32:16 **** Incremental Build of configuration Debug for project Gil.Miguel.Lab1.1A ****
Info: Internal Builder is used for build
gcc -O0 -g3 -Wall -c -fmessage-length=0 -o "src\\Gil.Miguel.Lab1.1A.o" "..\\src\\Gil.Miguel.Lab1.1A.c" 
gcc -o Gil.Miguel.Lab1.1A.exe "src\\Fecha.o" "src\\Gil.Miguel.Lab1.1A.o" "src\\Marca.o" "src\\Menu.o" "src\\Notebook.o" "src\\Servicio.o" "src\\Tipo.o" "src\\Trabajo.o" "src\\Validaciones.o" 
03:40:46 **** Incremental Build of configuration Debug for project Gil.Miguel.Lab1.1A ****
Info: Internal Builder is used for build
gcc -O0 -g3 -Wall -c -fmessage-length=0 -o "src\\Gil.Miguel.Lab1.1A.o" "..\\src\\Gil.Miguel.Lab1.1A.c" 
gcc -o Gil.Miguel.Lab1.1A.exe "src\\Fecha.o" "src\\Gil.Miguel.Lab1.1A.o" "src\\Marca.o" "src\\Menu.o" "src\\Notebook.o" "src\\Servicio.o" "src\\Tipo.o" "src\\Trabajo.o" "src\\Validaciones.o" 
c:/mingw/bin/../lib/gcc/mingw32/9.2.0/../../../../mingw32/bin/ld.exe: cannot open output file Gil.Miguel.Lab1.1A.exe: Permission denied
collect2.exe: error: ld returned 1 exit status
03:41:17 **** Incremental Build of configuration Debug for project Gil.Miguel.Lab1.1A ****
Info: Internal Builder is used for build
gcc -o Gil.Miguel.Lab1.1A.exe "src\\Fecha.o" "src\\Gil.Miguel.Lab1.1A.o" "src\\Marca.o" "src\\Menu.o" "src\\Notebook.o" "src\\Servicio.o" "src\\Tipo.o" "src\\Trabajo.o" "src\\Validaciones.o" 
Info: Nothing to build for Gil.Miguel.Lab1.1A
03:46:45 **** Incremental Build of configuration Debug for project Gil.Miguel.Lab1.1A ****
Info: Internal Builder is used for build
gcc -O0 -g3 -Wall -c -fmessage-length=0 -o "src\\Gil.Miguel.Lab1.1A.o" "..\\src\\Gil.Miguel.Lab1.1A.c" 
..\src\Gil.Miguel.Lab1.1A.c: In function 'ordenarTrabajosPorFecha':
..\src\Gil.Miguel.Lab1.1A.c:273:13: warning: format '%d' expects argument of type 'int', but argument 2 has type 'eFecha' {aka 'struct <anonymous>'} [-Wformat=]
  273 |    printf("%d%d%d\n", fecha1);
      |            ~^         ~~~~~~
      |             |         |
      |             int       eFecha {aka struct <anonymous>}
..\src\Gil.Miguel.Lab1.1A.c:273:15: warning: format '%d' expects a matching 'int' argument [-Wformat=]
  273 |    printf("%d%d%d\n", fecha1);
      |              ~^
      |               |
      |               int
..\src\Gil.Miguel.Lab1.1A.c:273:17: warning: format '%d' expects a matching 'int' argument [-Wformat=]
  273 |    printf("%d%d%d\n", fecha1);
      |                ~^
      |                 |
      |                 int
..\src\Gil.Miguel.Lab1.1A.c:274:13: warning: format '%d' expects argument of type 'int', but argument 2 has type 'eFecha' {aka 'struct <anonymous>'} [-Wformat=]
  274 |    printf("%d%d%d", fecha2);
      |            ~^       ~~~~~~
      |             |       |
      |             int     eFecha {aka struct <anonymous>}
..\src\Gil.Miguel.Lab1.1A.c:274:15: warning: format '%d' expects a matching 'int' argument [-Wformat=]
  274 |    printf("%d%d%d", fecha2);
      |              ~^
      |               |
      |               int
..\src\Gil.Miguel.Lab1.1A.c:274:17: warning: format '%d' expects a matching 'int' argument [-Wformat=]
  274 |    printf("%d%d%d", fecha2);
      |                ~^
      |                 |
      |                 int
..\src\Gil.Miguel.Lab1.1A.c:264:14: warning: unused variable 'auxTrabajo' [-Wunused-variable]
  264 |     eTrabajo auxTrabajo;
      |              ^~~~~~~~~~
gcc -o Gil.Miguel.Lab1.1A.exe "src\\Fecha.o" "src\\Gil.Miguel.Lab1.1A.o" "src\\Marca.o" "src\\Menu.o" "src\\Notebook.o" "src\\Servicio.o" "src\\Tipo.o" "src\\Trabajo.o" "src\\Validaciones.o" 
03:47:25 **** Incremental Build of configuration Debug for project Gil.Miguel.Lab1.1A ****
Info: Internal Builder is used for build
gcc -O0 -g3 -Wall -c -fmessage-length=0 -o "src\\Gil.Miguel.Lab1.1A.o" "..\\src\\Gil.Miguel.Lab1.1A.c" 
gcc -o Gil.Miguel.Lab1.1A.exe "src\\Fecha.o" "src\\Gil.Miguel.Lab1.1A.o" "src\\Marca.o" "src\\Menu.o" "src\\Notebook.o" "src\\Servicio.o" "src\\Tipo.o" "src\\Trabajo.o" "src\\Validaciones.o" 
c:/mingw/bin/../lib/gcc/mingw32/9.2.0/../../../../mingw32/bin/ld.exe: cannot open output file Gil.Miguel.Lab1.1A.exe: Permission denied
collect2.exe: error: ld returned 1 exit status
03:47:26 **** Incremental Build of configuration Debug for project Gil.Miguel.Lab1.1A ****
Info: Internal Builder is used for build
gcc -o Gil.Miguel.Lab1.1A.exe "src\\Fecha.o" "src\\Gil.Miguel.Lab1.1A.o" "src\\Marca.o" "src\\Menu.o" "src\\Notebook.o" "src\\Servicio.o" "src\\Tipo.o" "src\\Trabajo.o" "src\\Validaciones.o" 
Info: Nothing to build for Gil.Miguel.Lab1.1A
Info: Nothing to build for Gil.Miguel.Lab1.1A
Info: Nothing to build for Gil.Miguel.Lab1.1A
03:54:26 **** Incremental Build of configuration Debug for project Gil.Miguel.Lab1.1A ****
Info: Internal Builder is used for build
gcc -O0 -g3 -Wall -c -fmessage-length=0 -o "src\\Gil.Miguel.Lab1.1A.o" "..\\src\\Gil.Miguel.Lab1.1A.c" 
..\src\Gil.Miguel.Lab1.1A.c: In function 'main':
..\src\Gil.Miguel.Lab1.1A.c:74:9: warning: unused variable 'fechas' [-Wunused-variable]
   74 |  eFecha fechas[TAMTR];
      |         ^~~~~~
gcc -o Gil.Miguel.Lab1.1A.exe "src\\Fecha.o" "src\\Gil.Miguel.Lab1.1A.o" "src\\Marca.o" "src\\Menu.o" "src\\Notebook.o" "src\\Servicio.o" "src\\Tipo.o" "src\\Trabajo.o" "src\\Validaciones.o" 
c:/mingw/bin/../lib/gcc/mingw32/9.2.0/../../../../mingw32/bin/ld.exe: cannot open output file Gil.Miguel.Lab1.1A.exe: Permission denied
collect2.exe: error: ld returned 1 exit status
03:54:38 **** Incremental Build of configuration Debug for project Gil.Miguel.Lab1.1A ****
Info: Internal Builder is used for build
gcc -O0 -g3 -Wall -c -fmessage-length=0 -o "src\\Gil.Miguel.Lab1.1A.o" "..\\src\\Gil.Miguel.Lab1.1A.c" 
gcc -o Gil.Miguel.Lab1.1A.exe "src\\Fecha.o" "src\\Gil.Miguel.Lab1.1A.o" "src\\Marca.o" "src\\Menu.o" "src\\Notebook.o" "src\\Servicio.o" "src\\Tipo.o" "src\\Trabajo.o" "src\\Validaciones.o" 
c:/mingw/bin/../lib/gcc/mingw32/9.2.0/../../../../mingw32/bin/ld.exe: cannot open output file Gil.Miguel.Lab1.1A.exe: Permission denied
collect2.exe: error: ld returned 1 exit status
03:54:59 **** Incremental Build of configuration Debug for project Gil.Miguel.Lab1.1A ****
Info: Internal Builder is used for build
gcc -o Gil.Miguel.Lab1.1A.exe "src\\Fecha.o" "src\\Gil.Miguel.Lab1.1A.o" "src\\Marca.o" "src\\Menu.o" "src\\Notebook.o" "src\\Servicio.o" "src\\Tipo.o" "src\\Trabajo.o" "src\\Validaciones.o" 
c:/mingw/bin/../lib/gcc/mingw32/9.2.0/../../../../mingw32/bin/ld.exe: cannot open output file Gil.Miguel.Lab1.1A.exe: Permission denied
collect2.exe: error: ld returned 1 exit status
03:55:00 **** Incremental Build of configuration Debug for project Gil.Miguel.Lab1.1A ****
Info: Internal Builder is used for build
gcc -o Gil.Miguel.Lab1.1A.exe "src\\Fecha.o" "src\\Gil.Miguel.Lab1.1A.o" "src\\Marca.o" "src\\Menu.o" "src\\Notebook.o" "src\\Servicio.o" "src\\Tipo.o" "src\\Trabajo.o" "src\\Validaciones.o" 
03:55:41 **** Incremental Build of configuration Debug for project Gil.Miguel.Lab1.1A ****
Info: Internal Builder is used for build
gcc -O0 -g3 -Wall -c -fmessage-length=0 -o "src\\Gil.Miguel.Lab1.1A.o" "..\\src\\Gil.Miguel.Lab1.1A.c" 
gcc -o Gil.Miguel.Lab1.1A.exe "src\\Fecha.o" "src\\Gil.Miguel.Lab1.1A.o" "src\\Marca.o" "src\\Menu.o" "src\\Notebook.o" "src\\Servicio.o" "src\\Tipo.o" "src\\Trabajo.o" "src\\Validaciones.o" 
03:58:06 **** Incremental Build of configuration Debug for project Gil.Miguel.Lab1.1A ****
Info: Internal Builder is used for build
gcc -O0 -g3 -Wall -c -fmessage-length=0 -o "src\\Gil.Miguel.Lab1.1A.o" "..\\src\\Gil.Miguel.Lab1.1A.c" 
gcc -o Gil.Miguel.Lab1.1A.exe "src\\Fecha.o" "src\\Gil.Miguel.Lab1.1A.o" "src\\Marca.o" "src\\Menu.o" "src\\Notebook.o" "src\\Servicio.o" "src\\Tipo.o" "src\\Trabajo.o" "src\\Validaciones.o" 
03:59:04 **** Incremental Build of configuration Debug for project Gil.Miguel.Lab1.1A ****
Info: Internal Builder is used for build
gcc -O0 -g3 -Wall -c -fmessage-length=0 -o "src\\Gil.Miguel.Lab1.1A.o" "..\\src\\Gil.Miguel.Lab1.1A.c" 
gcc -o Gil.Miguel.Lab1.1A.exe "src\\Fecha.o" "src\\Gil.Miguel.Lab1.1A.o" "src\\Marca.o" "src\\Menu.o" "src\\Notebook.o" "src\\Servicio.o" "src\\Tipo.o" "src\\Trabajo.o" "src\\Validaciones.o" 
20:16:22 **** Rebuild of configuration Debug for project Gil.Miguel.Lab1.1A ****
Info: Internal Builder is used for build
gcc -O0 -g3 -Wall -c -fmessage-length=0 -o "src\\Notebook.o" "..\\src\\Notebook.c" 
gcc -O0 -g3 -Wall -c -fmessage-length=0 -o "src\\Validaciones.o" "..\\src\\Validaciones.c" 
gcc -O0 -g3 -Wall -c -fmessage-length=0 -o "src\\Trabajo.o" "..\\src\\Trabajo.c" 
gcc -O0 -g3 -Wall -c -fmessage-length=0 -o "src\\Informes.o" "..\\src\\Informes.c" 
..\src\Informes.c:13:10: fatal error: empleado.h: No such file or directory
   13 | #include "empleado.h"
      |          ^~~~~~~~~~~~
compilation terminated.
20:16:46 **** Incremental Build of configuration Debug for project Gil.Miguel.Lab1.1A ****
Info: Internal Builder is used for build
gcc -O0 -g3 -Wall -c -fmessage-length=0 -o "src\\Informes.o" "..\\src\\Informes.c" 
gcc -o Gil.Miguel.Lab1.1A.exe "src\\Fecha.o" "src\\Gil.Miguel.Lab1.1A.o" "src\\Informes.o" "src\\Marca.o" "src\\Menu.o" "src\\Notebook.o" "src\\Servicio.o" "src\\Tipo.o" "src\\Trabajo.o" "src\\Validaciones.o" 
20:19:06 **** Incremental Build of configuration Debug for project Gil.Miguel.Lab1.1A ****
Info: Internal Builder is used for build
gcc -O0 -g3 -Wall -c -fmessage-length=0 -o "src\\Gil.Miguel.Lab1.1A.o" "..\\src\\Gil.Miguel.Lab1.1A.c" 
..\src\Gil.Miguel.Lab1.1A.c: In function 'informarTrabajosMasRecientes':
..\src\Gil.Miguel.Lab1.1A.c:315:43: error: invalid operands to binary > (have 'eFecha' {aka 'struct <anonymous>'} and 'eFecha' {aka 'struct <anonymous>'})
  315 |             if( !vec[i].isEmpty && (fecha > mayorFecha || flag == 0) )
      |                                           ^
..\src\Gil.Miguel.Lab1.1A.c:336:46: error: invalid operands to binary == (have 'eFecha' {aka 'struct <anonymous>'} and 'eFecha' {aka 'struct <anonymous>'})
  336 |                 if( !vec[i].isEmpty && fecha == mayorFecha )
      |                                              ^~
20:21:39 **** Incremental Build of configuration Debug for project Gil.Miguel.Lab1.1A ****
Info: Internal Builder is used for build
gcc -O0 -g3 -Wall -c -fmessage-length=0 -o "src\\Gil.Miguel.Lab1.1A.o" "..\\src\\Gil.Miguel.Lab1.1A.c" 
..\src\Gil.Miguel.Lab1.1A.c: In function 'informarTrabajosMasRecientes':
..\src\Gil.Miguel.Lab1.1A.c:315:52: error: incompatible type for argument 1 of 'compararFechas'
  315 |             if( !vec[i].isEmpty && (compararFechas(fecha , mayorFecha) > 0) || flag == 0 )
      |                                                    ^~~~~
      |                                                    |
      |                                                    eFecha {aka struct <anonymous>}
In file included from ..\src\Trabajo.h:13,
                 from ..\src\Gil.Miguel.Lab1.1A.c:20:
..\src\Fecha.h:30:28: note: expected 'eFecha *' {aka 'struct <anonymous> *'} but argument is of type 'eFecha' {aka 'struct <anonymous>'}
   30 | int compararFechas(eFecha* fecha1, eFecha* fecha2);
      |                    ~~~~~~~~^~~~~~
..\src\Gil.Miguel.Lab1.1A.c:315:60: error: incompatible type for argument 2 of 'compararFechas'
  315 |             if( !vec[i].isEmpty && (compararFechas(fecha , mayorFecha) > 0) || flag == 0 )
      |                                                            ^~~~~~~~~~
      |                                                            |
      |                                                            eFecha {aka struct <anonymous>}
In file included from ..\src\Trabajo.h:13,
                 from ..\src\Gil.Miguel.Lab1.1A.c:20:
..\src\Fecha.h:30:44: note: expected 'eFecha *' {aka 'struct <anonymous> *'} but argument is of type 'eFecha' {aka 'struct <anonymous>'}
   30 | int compararFechas(eFecha* fecha1, eFecha* fecha2);
      |                                    ~~~~~~~~^~~~~~
..\src\Gil.Miguel.Lab1.1A.c:336:46: error: invalid operands to binary == (have 'eFecha' {aka 'struct <anonymous>'} and 'eFecha' {aka 'struct <anonymous>'})
  336 |                 if( !vec[i].isEmpty && fecha == mayorFecha )
      |                                              ^~
20:22:21 **** Incremental Build of configuration Debug for project Gil.Miguel.Lab1.1A ****
Info: Internal Builder is used for build
gcc -O0 -g3 -Wall -c -fmessage-length=0 -o "src\\Gil.Miguel.Lab1.1A.o" "..\\src\\Gil.Miguel.Lab1.1A.c" 
..\src\Gil.Miguel.Lab1.1A.c: In function 'informarTrabajosMasRecientes':
..\src\Gil.Miguel.Lab1.1A.c:307:27: warning: missing braces around initializer [-Wmissing-braces]
  307 |     eFecha mayorFecha[] = {01,01,2000};
      |                           ^
      |                            {         }
..\src\Gil.Miguel.Lab1.1A.c:315:52: error: incompatible type for argument 1 of 'compararFechas'
  315 |             if( !vec[i].isEmpty && (compararFechas(fecha , mayorFecha) > 0) || flag == 0 )
      |                                                    ^~~~~
      |                                                    |
      |                                                    eFecha {aka struct <anonymous>}
In file included from ..\src\Trabajo.h:13,
                 from ..\src\Gil.Miguel.Lab1.1A.c:20:
..\src\Fecha.h:30:28: note: expected 'eFecha *' {aka 'struct <anonymous> *'} but argument is of type 'eFecha' {aka 'struct <anonymous>'}
   30 | int compararFechas(eFecha* fecha1, eFecha* fecha2);
      |                    ~~~~~~~~^~~~~~
..\src\Gil.Miguel.Lab1.1A.c:317:25: error: assignment to expression with array type
  317 |              mayorFecha = fecha;
      |                         ^
..\src\Gil.Miguel.Lab1.1A.c:336:46: error: invalid operands to binary == (have 'eFecha' {aka 'struct <anonymous>'} and 'eFecha *' {aka 'struct <anonymous> *'})
  336 |                 if( !vec[i].isEmpty && fecha == mayorFecha )
      |                                              ^~
      |                                              |
      |                                              eFecha * {aka struct <anonymous> *}
20:22:29 **** Incremental Build of configuration Debug for project Gil.Miguel.Lab1.1A ****
Info: Internal Builder is used for build
gcc -O0 -g3 -Wall -c -fmessage-length=0 -o "src\\Gil.Miguel.Lab1.1A.o" "..\\src\\Gil.Miguel.Lab1.1A.c" 
..\src\Gil.Miguel.Lab1.1A.c: In function 'informarTrabajosMasRecientes':
..\src\Gil.Miguel.Lab1.1A.c:307:5: error: variable-sized object may not be initialized
  307 |     eFecha mayorFecha[tam] = {01,01,2000};
      |     ^~~~~~
..\src\Gil.Miguel.Lab1.1A.c:307:5: warning: excess elements in array initializer
..\src\Gil.Miguel.Lab1.1A.c:307:5: note: (near initialization for 'mayorFecha')
..\src\Gil.Miguel.Lab1.1A.c:315:52: error: incompatible type for argument 1 of 'compararFechas'
  315 |             if( !vec[i].isEmpty && (compararFechas(fecha , mayorFecha) > 0) || flag == 0 )
      |                                                    ^~~~~
      |                                                    |
      |                                                    eFecha {aka struct <anonymous>}
In file included from ..\src\Trabajo.h:13,
                 from ..\src\Gil.Miguel.Lab1.1A.c:20:
..\src\Fecha.h:30:28: note: expected 'eFecha *' {aka 'struct <anonymous> *'} but argument is of type 'eFecha' {aka 'struct <anonymous>'}
   30 | int compararFechas(eFecha* fecha1, eFecha* fecha2);
      |                    ~~~~~~~~^~~~~~
..\src\Gil.Miguel.Lab1.1A.c:317:25: error: assignment to expression with array type
  317 |              mayorFecha = fecha;
      |                         ^
..\src\Gil.Miguel.Lab1.1A.c:336:46: error: invalid operands to binary == (have 'eFecha' {aka 'struct <anonymous>'} and 'eFecha *' {aka 'struct <anonymous> *'})
  336 |                 if( !vec[i].isEmpty && fecha == mayorFecha )
      |                                              ^~
      |                                              |
      |                                              eFecha * {aka struct <anonymous> *}
20:23:12 **** Incremental Build of configuration Debug for project Gil.Miguel.Lab1.1A ****
Info: Internal Builder is used for build
gcc -O0 -g3 -Wall -c -fmessage-length=0 -o "src\\Gil.Miguel.Lab1.1A.o" "..\\src\\Gil.Miguel.Lab1.1A.c" 
..\src\Gil.Miguel.Lab1.1A.c: In function 'informarTrabajosMasRecientes':
..\src\Gil.Miguel.Lab1.1A.c:315:33: warning: suggest parentheses around '&&' within '||' [-Wparentheses]
  315 |             if( !vec[i].isEmpty && (compararFechas(&fecha , &mayorFecha) > 0) || flag == 0 )
      |                 ~~~~~~~~~~~~~~~~^~~~~~~~~~~~~~~~~~~~~~~~~~~~~~~~~~~~~~~~~~~~~
..\src\Gil.Miguel.Lab1.1A.c:336:46: error: invalid operands to binary == (have 'eFecha' {aka 'struct <anonymous>'} and 'eFecha' {aka 'struct <anonymous>'})
  336 |                 if( !vec[i].isEmpty && fecha == mayorFecha )
      |                                              ^~
20:24:19 **** Incremental Build of configuration Debug for project Gil.Miguel.Lab1.1A ****
Info: Internal Builder is used for build
gcc -O0 -g3 -Wall -c -fmessage-length=0 -o "src\\Gil.Miguel.Lab1.1A.o" "..\\src\\Gil.Miguel.Lab1.1A.c" 
..\src\Gil.Miguel.Lab1.1A.c: In function 'informarTrabajosMasRecientes':
..\src\Gil.Miguel.Lab1.1A.c:336:46: error: invalid operands to binary == (have 'eFecha' {aka 'struct <anonymous>'} and 'eFecha' {aka 'struct <anonymous>'})
  336 |                 if( !vec[i].isEmpty && fecha == mayorFecha )
      |                                              ^~
20:25:02 **** Incremental Build of configuration Debug for project Gil.Miguel.Lab1.1A ****
Info: Internal Builder is used for build
gcc -O0 -g3 -Wall -c -fmessage-length=0 -o "src\\Gil.Miguel.Lab1.1A.o" "..\\src\\Gil.Miguel.Lab1.1A.c" 
gcc -o Gil.Miguel.Lab1.1A.exe "src\\Fecha.o" "src\\Gil.Miguel.Lab1.1A.o" "src\\Informes.o" "src\\Marca.o" "src\\Menu.o" "src\\Notebook.o" "src\\Servicio.o" "src\\Tipo.o" "src\\Trabajo.o" "src\\Validaciones.o" 
Info: Nothing to build for Gil.Miguel.Lab1.1A
20:26:13 **** Incremental Build of configuration Debug for project Gil.Miguel.Lab1.1A ****
Info: Internal Builder is used for build
gcc -O0 -g3 -Wall -c -fmessage-length=0 -o "src\\Gil.Miguel.Lab1.1A.o" "..\\src\\Gil.Miguel.Lab1.1A.c" 
gcc -o Gil.Miguel.Lab1.1A.exe "src\\Fecha.o" "src\\Gil.Miguel.Lab1.1A.o" "src\\Informes.o" "src\\Marca.o" "src\\Menu.o" "src\\Notebook.o" "src\\Servicio.o" "src\\Tipo.o" "src\\Trabajo.o" "src\\Validaciones.o" 
c:/mingw/bin/../lib/gcc/mingw32/9.2.0/../../../../mingw32/bin/ld.exe: cannot open output file Gil.Miguel.Lab1.1A.exe: Permission denied
collect2.exe: error: ld returned 1 exit status
20:26:57 **** Incremental Build of configuration Debug for project Gil.Miguel.Lab1.1A ****
Info: Internal Builder is used for build
gcc -o Gil.Miguel.Lab1.1A.exe "src\\Fecha.o" "src\\Gil.Miguel.Lab1.1A.o" "src\\Informes.o" "src\\Marca.o" "src\\Menu.o" "src\\Notebook.o" "src\\Servicio.o" "src\\Tipo.o" "src\\Trabajo.o" "src\\Validaciones.o" 
20:27:52 **** Incremental Build of configuration Debug for project Gil.Miguel.Lab1.1A ****
Info: Internal Builder is used for build
gcc -O0 -g3 -Wall -c -fmessage-length=0 -o "src\\Gil.Miguel.Lab1.1A.o" "..\\src\\Gil.Miguel.Lab1.1A.c" 
gcc -o Gil.Miguel.Lab1.1A.exe "src\\Fecha.o" "src\\Gil.Miguel.Lab1.1A.o" "src\\Informes.o" "src\\Marca.o" "src\\Menu.o" "src\\Notebook.o" "src\\Servicio.o" "src\\Tipo.o" "src\\Trabajo.o" "src\\Validaciones.o" 
20:31:08 **** Incremental Build of configuration Debug for project Gil.Miguel.Lab1.1A ****
Info: Internal Builder is used for build
gcc -O0 -g3 -Wall -c -fmessage-length=0 -o "src\\Gil.Miguel.Lab1.1A.o" "..\\src\\Gil.Miguel.Lab1.1A.c" 
..\src\Gil.Miguel.Lab1.1A.c: In function 'informarTrabajosMasRecientes':
..\src\Gil.Miguel.Lab1.1A.c:308:9: warning: unused variable 'flag' [-Wunused-variable]
  308 |     int flag = 0;
      |         ^~~~
gcc -o Gil.Miguel.Lab1.1A.exe "src\\Fecha.o" "src\\Gil.Miguel.Lab1.1A.o" "src\\Informes.o" "src\\Marca.o" "src\\Menu.o" "src\\Notebook.o" "src\\Servicio.o" "src\\Tipo.o" "src\\Trabajo.o" "src\\Validaciones.o" 
20:31:14 **** Incremental Build of configuration Debug for project Gil.Miguel.Lab1.1A ****
Info: Internal Builder is used for build
gcc -O0 -g3 -Wall -c -fmessage-length=0 -o "src\\Gil.Miguel.Lab1.1A.o" "..\\src\\Gil.Miguel.Lab1.1A.c" 
gcc -o Gil.Miguel.Lab1.1A.exe "src\\Fecha.o" "src\\Gil.Miguel.Lab1.1A.o" "src\\Informes.o" "src\\Marca.o" "src\\Menu.o" "src\\Notebook.o" "src\\Servicio.o" "src\\Tipo.o" "src\\Trabajo.o" "src\\Validaciones.o" 
20:33:21 **** Incremental Build of configuration Debug for project Gil.Miguel.Lab1.1A ****
Info: Internal Builder is used for build
gcc -O0 -g3 -Wall -c -fmessage-length=0 -o "src\\Gil.Miguel.Lab1.1A.o" "..\\src\\Gil.Miguel.Lab1.1A.c" 
gcc -o Gil.Miguel.Lab1.1A.exe "src\\Fecha.o" "src\\Gil.Miguel.Lab1.1A.o" "src\\Informes.o" "src\\Marca.o" "src\\Menu.o" "src\\Notebook.o" "src\\Servicio.o" "src\\Tipo.o" "src\\Trabajo.o" "src\\Validaciones.o" 
c:/mingw/bin/../lib/gcc/mingw32/9.2.0/../../../../mingw32/bin/ld.exe: cannot open output file Gil.Miguel.Lab1.1A.exe: Permission denied
collect2.exe: error: ld returned 1 exit status
20:33:25 **** Incremental Build of configuration Debug for project Gil.Miguel.Lab1.1A ****
Info: Internal Builder is used for build
gcc -o Gil.Miguel.Lab1.1A.exe "src\\Fecha.o" "src\\Gil.Miguel.Lab1.1A.o" "src\\Informes.o" "src\\Marca.o" "src\\Menu.o" "src\\Notebook.o" "src\\Servicio.o" "src\\Tipo.o" "src\\Trabajo.o" "src\\Validaciones.o" 
Info: Nothing to build for Gil.Miguel.Lab1.1A
20:50:04 **** Incremental Build of configuration Debug for project Gil.Miguel.Lab1.1A ****
Info: Internal Builder is used for build
gcc -O0 -g3 -Wall -c -fmessage-length=0 -o "src\\Gil.Miguel.Lab1.1A.o" "..\\src\\Gil.Miguel.Lab1.1A.c" 
gcc -o Gil.Miguel.Lab1.1A.exe "src\\Fecha.o" "src\\Gil.Miguel.Lab1.1A.o" "src\\Informes.o" "src\\Marca.o" "src\\Menu.o" "src\\Notebook.o" "src\\Servicio.o" "src\\Tipo.o" "src\\Trabajo.o" "src\\Validaciones.o" 
c:/mingw/bin/../lib/gcc/mingw32/9.2.0/../../../../mingw32/bin/ld.exe: cannot open output file Gil.Miguel.Lab1.1A.exe: Permission denied
collect2.exe: error: ld returned 1 exit status
20:50:07 **** Incremental Build of configuration Debug for project Gil.Miguel.Lab1.1A ****
Info: Internal Builder is used for build
gcc -o Gil.Miguel.Lab1.1A.exe "src\\Fecha.o" "src\\Gil.Miguel.Lab1.1A.o" "src\\Informes.o" "src\\Marca.o" "src\\Menu.o" "src\\Notebook.o" "src\\Servicio.o" "src\\Tipo.o" "src\\Trabajo.o" "src\\Validaciones.o" 
Info: Nothing to build for Gil.Miguel.Lab1.1A
Info: Nothing to build for Gil.Miguel.Lab1.1A
20:59:44 **** Incremental Build of configuration Debug for project Gil.Miguel.Lab1.1A ****
Info: Internal Builder is used for build
gcc -O0 -g3 -Wall -c -fmessage-length=0 -o "src\\Gil.Miguel.Lab1.1A.o" "..\\src\\Gil.Miguel.Lab1.1A.c" 
gcc -o Gil.Miguel.Lab1.1A.exe "src\\Fecha.o" "src\\Gil.Miguel.Lab1.1A.o" "src\\Informes.o" "src\\Marca.o" "src\\Menu.o" "src\\Notebook.o" "src\\Servicio.o" "src\\Tipo.o" "src\\Trabajo.o" "src\\Validaciones.o" 
21:00:45 **** Incremental Build of configuration Debug for project Gil.Miguel.Lab1.1A ****
Info: Internal Builder is used for build
gcc -O0 -g3 -Wall -c -fmessage-length=0 -o "src\\Gil.Miguel.Lab1.1A.o" "..\\src\\Gil.Miguel.Lab1.1A.c" 
gcc -o Gil.Miguel.Lab1.1A.exe "src\\Fecha.o" "src\\Gil.Miguel.Lab1.1A.o" "src\\Informes.o" "src\\Marca.o" "src\\Menu.o" "src\\Notebook.o" "src\\Servicio.o" "src\\Tipo.o" "src\\Trabajo.o" "src\\Validaciones.o" 
21:00:56 **** Incremental Build of configuration Debug for project Gil.Miguel.Lab1.1A ****
Info: Internal Builder is used for build
gcc -O0 -g3 -Wall -c -fmessage-length=0 -o "src\\Gil.Miguel.Lab1.1A.o" "..\\src\\Gil.Miguel.Lab1.1A.c" 
gcc -o Gil.Miguel.Lab1.1A.exe "src\\Fecha.o" "src\\Gil.Miguel.Lab1.1A.o" "src\\Informes.o" "src\\Marca.o" "src\\Menu.o" "src\\Notebook.o" "src\\Servicio.o" "src\\Tipo.o" "src\\Trabajo.o" "src\\Validaciones.o" 
21:01:05 **** Incremental Build of configuration Debug for project Gil.Miguel.Lab1.1A ****
Info: Internal Builder is used for build
gcc -O0 -g3 -Wall -c -fmessage-length=0 -o "src\\Gil.Miguel.Lab1.1A.o" "..\\src\\Gil.Miguel.Lab1.1A.c" 
gcc -o Gil.Miguel.Lab1.1A.exe "src\\Fecha.o" "src\\Gil.Miguel.Lab1.1A.o" "src\\Informes.o" "src\\Marca.o" "src\\Menu.o" "src\\Notebook.o" "src\\Servicio.o" "src\\Tipo.o" "src\\Trabajo.o" "src\\Validaciones.o" 
21:14:50 **** Incremental Build of configuration Debug for project Gil.Miguel.Lab1.1A ****
Info: Internal Builder is used for build
gcc -O0 -g3 -Wall -c -fmessage-length=0 -o "src\\Gil.Miguel.Lab1.1A.o" "..\\src\\Gil.Miguel.Lab1.1A.c" 
gcc -O0 -g3 -Wall -c -fmessage-length=0 -o "src\\Menu.o" "..\\src\\Menu.c" 
gcc -O0 -g3 -Wall -c -fmessage-length=0 -o "src\\Trabajo.o" "..\\src\\Trabajo.c" 
gcc -o Gil.Miguel.Lab1.1A.exe "src\\Fecha.o" "src\\Gil.Miguel.Lab1.1A.o" "src\\Informes.o" "src\\Marca.o" "src\\Menu.o" "src\\Notebook.o" "src\\Servicio.o" "src\\Tipo.o" "src\\Trabajo.o" "src\\Validaciones.o" 
21:25:25 **** Incremental Build of configuration Debug for project Gil.Miguel.Lab1.1A ****
Info: Internal Builder is used for build
gcc -O0 -g3 -Wall -c -fmessage-length=0 -o "src\\Gil.Miguel.Lab1.1A.o" "..\\src\\Gil.Miguel.Lab1.1A.c" 
gcc -O0 -g3 -Wall -c -fmessage-length=0 -o "src\\Trabajo.o" "..\\src\\Trabajo.c" 
..\src\Trabajo.c: In function 'altaTrabajo':
..\src\Trabajo.c:173:24: warning: unknown escape sequence: '\T'
  173 |                 printf("\Trabajo agregado correctamente\n");
      |                        ^~~~~~~~~~~~~~~~~~~~~~~~~~~~~~~~~~~
gcc -o Gil.Miguel.Lab1.1A.exe "src\\Fecha.o" "src\\Gil.Miguel.Lab1.1A.o" "src\\Informes.o" "src\\Marca.o" "src\\Menu.o" "src\\Notebook.o" "src\\Servicio.o" "src\\Tipo.o" "src\\Trabajo.o" "src\\Validaciones.o" 
21:26:14 **** Incremental Build of configuration Debug for project Gil.Miguel.Lab1.1A ****
Info: Internal Builder is used for build
gcc -O0 -g3 -Wall -c -fmessage-length=0 -o "src\\Trabajo.o" "..\\src\\Trabajo.c" 
gcc -O0 -g3 -Wall -c -fmessage-length=0 -o "src\\Gil.Miguel.Lab1.1A.o" "..\\src\\Gil.Miguel.Lab1.1A.c" 
gcc -o Gil.Miguel.Lab1.1A.exe "src\\Fecha.o" "src\\Gil.Miguel.Lab1.1A.o" "src\\Informes.o" "src\\Marca.o" "src\\Menu.o" "src\\Notebook.o" "src\\Servicio.o" "src\\Tipo.o" "src\\Trabajo.o" "src\\Validaciones.o" 
Info: Nothing to build for Gil.Miguel.Lab1.1A
21:27:25 **** Incremental Build of configuration Debug for project Gil.Miguel.Lab1.1A ****
Info: Internal Builder is used for build
gcc -O0 -g3 -Wall -c -fmessage-length=0 -o "src\\Trabajo.o" "..\\src\\Trabajo.c" 
gcc -o Gil.Miguel.Lab1.1A.exe "src\\Fecha.o" "src\\Gil.Miguel.Lab1.1A.o" "src\\Informes.o" "src\\Marca.o" "src\\Menu.o" "src\\Notebook.o" "src\\Servicio.o" "src\\Tipo.o" "src\\Trabajo.o" "src\\Validaciones.o" 
21:28:08 **** Incremental Build of configuration Debug for project Gil.Miguel.Lab1.1A ****
Info: Internal Builder is used for build
gcc -O0 -g3 -Wall -c -fmessage-length=0 -o "src\\Gil.Miguel.Lab1.1A.o" "..\\src\\Gil.Miguel.Lab1.1A.c" 
gcc -o Gil.Miguel.Lab1.1A.exe "src\\Fecha.o" "src\\Gil.Miguel.Lab1.1A.o" "src\\Informes.o" "src\\Marca.o" "src\\Menu.o" "src\\Notebook.o" "src\\Servicio.o" "src\\Tipo.o" "src\\Trabajo.o" "src\\Validaciones.o" 
21:29:55 **** Incremental Build of configuration Debug for project Gil.Miguel.Lab1.1A ****
Info: Internal Builder is used for build
gcc -O0 -g3 -Wall -c -fmessage-length=0 -o "src\\Menu.o" "..\\src\\Menu.c" 
gcc -O0 -g3 -Wall -c -fmessage-length=0 -o "src\\Gil.Miguel.Lab1.1A.o" "..\\src\\Gil.Miguel.Lab1.1A.c" 
..\src\Gil.Miguel.Lab1.1A.c: In function 'main':
..\src\Gil.Miguel.Lab1.1A.c:133:4: warning: implicit declaration of function 'informarTrabajosMasRecientes'; did you mean 'informarTrabajosMasViejos'? [-Wimplicit-function-declaration]
  133 |    informarTrabajosMasRecientes(listaT, TAMTR, lista, TAM, servicios, TAMS);
      |    ^~~~~~~~~~~~~~~~~~~~~~~~~~~~
      |    informarTrabajosMasViejos
gcc -o Gil.Miguel.Lab1.1A.exe "src\\Fecha.o" "src\\Gil.Miguel.Lab1.1A.o" "src\\Informes.o" "src\\Marca.o" "src\\Menu.o" "src\\Notebook.o" "src\\Servicio.o" "src\\Tipo.o" "src\\Trabajo.o" "src\\Validaciones.o" 
c:/mingw/bin/../lib/gcc/mingw32/9.2.0/../../../../mingw32/bin/ld.exe: cannot open output file Gil.Miguel.Lab1.1A.exe: Permission denied
collect2.exe: error: ld returned 1 exit status
21:29:59 **** Incremental Build of configuration Debug for project Gil.Miguel.Lab1.1A ****
Info: Internal Builder is used for build
gcc -o Gil.Miguel.Lab1.1A.exe "src\\Fecha.o" "src\\Gil.Miguel.Lab1.1A.o" "src\\Informes.o" "src\\Marca.o" "src\\Menu.o" "src\\Notebook.o" "src\\Servicio.o" "src\\Tipo.o" "src\\Trabajo.o" "src\\Validaciones.o" 
c:/mingw/bin/../lib/gcc/mingw32/9.2.0/../../../../mingw32/bin/ld.exe: src\Gil.Miguel.Lab1.1A.o: in function `main':
C:\Users\JUNMI\Desktop\Gil.Miguel.P1.Lab1.1A\Gil.Miguel.Lab1.1A\Debug/../src/Gil.Miguel.Lab1.1A.c:133: undefined reference to `informarTrabajosMasRecientes'
collect2.exe: error: ld returned 1 exit status
21:30:11 **** Incremental Build of configuration Debug for project Gil.Miguel.Lab1.1A ****
Info: Internal Builder is used for build
gcc -O0 -g3 -Wall -c -fmessage-length=0 -o "src\\Gil.Miguel.Lab1.1A.o" "..\\src\\Gil.Miguel.Lab1.1A.c" 
gcc -o Gil.Miguel.Lab1.1A.exe "src\\Fecha.o" "src\\Gil.Miguel.Lab1.1A.o" "src\\Informes.o" "src\\Marca.o" "src\\Menu.o" "src\\Notebook.o" "src\\Servicio.o" "src\\Tipo.o" "src\\Trabajo.o" "src\\Validaciones.o" 
21:32:45 **** Incremental Build of configuration Debug for project Gil.Miguel.Lab1.1A ****
Info: Internal Builder is used for build
gcc -O0 -g3 -Wall -c -fmessage-length=0 -o "src\\Gil.Miguel.Lab1.1A.o" "..\\src\\Gil.Miguel.Lab1.1A.c" 
gcc -o Gil.Miguel.Lab1.1A.exe "src\\Fecha.o" "src\\Gil.Miguel.Lab1.1A.o" "src\\Informes.o" "src\\Marca.o" "src\\Menu.o" "src\\Notebook.o" "src\\Servicio.o" "src\\Tipo.o" "src\\Trabajo.o" "src\\Validaciones.o" 
Info: Nothing to build for Gil.Miguel.Lab1.1A
Info: Nothing to build for Gil.Miguel.Lab1.1A
21:36:16 **** Incremental Build of configuration Debug for project Gil.Miguel.Lab1.1A ****
Info: Internal Builder is used for build
gcc -O0 -g3 -Wall -c -fmessage-length=0 -o "src\\Gil.Miguel.Lab1.1A.o" "..\\src\\Gil.Miguel.Lab1.1A.c" 
gcc -o Gil.Miguel.Lab1.1A.exe "src\\Fecha.o" "src\\Gil.Miguel.Lab1.1A.o" "src\\Informes.o" "src\\Marca.o" "src\\Menu.o" "src\\Notebook.o" "src\\Servicio.o" "src\\Tipo.o" "src\\Trabajo.o" "src\\Validaciones.o" 
21:36:56 **** Incremental Build of configuration Debug for project Gil.Miguel.Lab1.1A ****
Info: Internal Builder is used for build
gcc -O0 -g3 -Wall -c -fmessage-length=0 -o "src\\Menu.o" "..\\src\\Menu.c" 
gcc -o Gil.Miguel.Lab1.1A.exe "src\\Fecha.o" "src\\Gil.Miguel.Lab1.1A.o" "src\\Informes.o" "src\\Marca.o" "src\\Menu.o" "src\\Notebook.o" "src\\Servicio.o" "src\\Tipo.o" "src\\Trabajo.o" "src\\Validaciones.o" 
00:59:18 **** Incremental Build of configuration Debug for project Gil.Miguel.Lab1.1A ****
Info: Internal Builder is used for build
gcc -O0 -g3 -Wall -c -fmessage-length=0 -o "src\\Gil.Miguel.Lab1.1A.o" "..\\src\\Gil.Miguel.Lab1.1A.c" 
gcc -O0 -g3 -Wall -c -fmessage-length=0 -o "src\\Informes.o" "..\\src\\Informes.c" 
gcc -O0 -g3 -Wall -c -fmessage-length=0 -o "src\\Trabajo.o" "..\\src\\Trabajo.c" 
gcc -o Gil.Miguel.Lab1.1A.exe "src\\Fecha.o" "src\\Gil.Miguel.Lab1.1A.o" "src\\Informes.o" "src\\Marca.o" "src\\Menu.o" "src\\Notebook.o" "src\\Servicio.o" "src\\Tipo.o" "src\\Trabajo.o" "src\\Validaciones.o" 
01:11:19 **** Incremental Build of configuration Debug for project Gil.Miguel.Lab1.1A ****
Info: Internal Builder is used for build
gcc -O0 -g3 -Wall -c -fmessage-length=0 -o "src\\Gil.Miguel.Lab1.1A.o" "..\\src\\Gil.Miguel.Lab1.1A.c" 
gcc -o Gil.Miguel.Lab1.1A.exe "src\\Fecha.o" "src\\Gil.Miguel.Lab1.1A.o" "src\\Informes.o" "src\\Marca.o" "src\\Menu.o" "src\\Notebook.o" "src\\Servicio.o" "src\\Tipo.o" "src\\Trabajo.o" "src\\Validaciones.o" 
01:14:12 **** Incremental Build of configuration Debug for project Gil.Miguel.Lab1.1A ****
Info: Internal Builder is used for build
gcc -O0 -g3 -Wall -c -fmessage-length=0 -o "src\\Gil.Miguel.Lab1.1A.o" "..\\src\\Gil.Miguel.Lab1.1A.c" 
gcc -o Gil.Miguel.Lab1.1A.exe "src\\Fecha.o" "src\\Gil.Miguel.Lab1.1A.o" "src\\Informes.o" "src\\Marca.o" "src\\Menu.o" "src\\Notebook.o" "src\\Servicio.o" "src\\Tipo.o" "src\\Trabajo.o" "src\\Validaciones.o" 
01:18:46 **** Incremental Build of configuration Debug for project Gil.Miguel.Lab1.1A ****
Info: Internal Builder is used for build
gcc -O0 -g3 -Wall -c -fmessage-length=0 -o "src\\Trabajo.o" "..\\src\\Trabajo.c" 
gcc -O0 -g3 -Wall -c -fmessage-length=0 -o "src\\Gil.Miguel.Lab1.1A.o" "..\\src\\Gil.Miguel.Lab1.1A.c" 
gcc -o Gil.Miguel.Lab1.1A.exe "src\\Fecha.o" "src\\Gil.Miguel.Lab1.1A.o" "src\\Informes.o" "src\\Marca.o" "src\\Menu.o" "src\\Notebook.o" "src\\Servicio.o" "src\\Tipo.o" "src\\Trabajo.o" "src\\Validaciones.o" 
01:20:36 **** Incremental Build of configuration Debug for project Gil.Miguel.Lab1.1A ****
Info: Internal Builder is used for build
gcc -O0 -g3 -Wall -c -fmessage-length=0 -o "src\\Gil.Miguel.Lab1.1A.o" "..\\src\\Gil.Miguel.Lab1.1A.c" 
gcc -o Gil.Miguel.Lab1.1A.exe "src\\Fecha.o" "src\\Gil.Miguel.Lab1.1A.o" "src\\Informes.o" "src\\Marca.o" "src\\Menu.o" "src\\Notebook.o" "src\\Servicio.o" "src\\Tipo.o" "src\\Trabajo.o" "src\\Validaciones.o" 
01:32:03 **** Incremental Build of configuration Debug for project Gil.Miguel.Lab1.1A ****
Info: Internal Builder is used for build
gcc -O0 -g3 -Wall -c -fmessage-length=0 -o "src\\Trabajo.o" "..\\src\\Trabajo.c" 
gcc -O0 -g3 -Wall -c -fmessage-length=0 -o "src\\Gil.Miguel.Lab1.1A.o" "..\\src\\Gil.Miguel.Lab1.1A.c" 
..\src\Gil.Miguel.Lab1.1A.c: In function 'main':
..\src\Gil.Miguel.Lab1.1A.c:133:4: warning: implicit declaration of function 'informarTrabajosMasViejos'; did you mean 'informarTrabajosMasRecientes'? [-Wimplicit-function-declaration]
  133 |    informarTrabajosMasViejos(listaT, TAMTR, lista, TAM, servicios, TAMS);
      |    ^~~~~~~~~~~~~~~~~~~~~~~~~
      |    informarTrabajosMasRecientes
gcc -O0 -g3 -Wall -c -fmessage-length=0 -o "src\\Fecha.o" "..\\src\\Fecha.c" 
gcc -O0 -g3 -Wall -c -fmessage-length=0 -o "src\\Menu.o" "..\\src\\Menu.c" 
gcc -o Gil.Miguel.Lab1.1A.exe "src\\Fecha.o" "src\\Gil.Miguel.Lab1.1A.o" "src\\Informes.o" "src\\Marca.o" "src\\Menu.o" "src\\Notebook.o" "src\\Servicio.o" "src\\Tipo.o" "src\\Trabajo.o" "src\\Validaciones.o" 
c:/mingw/bin/../lib/gcc/mingw32/9.2.0/../../../../mingw32/bin/ld.exe: src\Gil.Miguel.Lab1.1A.o: in function `main':
C:\Users\JUNMI\Desktop\Gil.Miguel.P1.Lab1.1A\Gil.Miguel.Lab1.1A\Debug/../src/Gil.Miguel.Lab1.1A.c:133: undefined reference to `informarTrabajosMasViejos'
collect2.exe: error: ld returned 1 exit status
01:32:18 **** Incremental Build of configuration Debug for project Gil.Miguel.Lab1.1A ****
Info: Internal Builder is used for build
gcc -O0 -g3 -Wall -c -fmessage-length=0 -o "src\\Gil.Miguel.Lab1.1A.o" "..\\src\\Gil.Miguel.Lab1.1A.c" 
gcc -o Gil.Miguel.Lab1.1A.exe "src\\Fecha.o" "src\\Gil.Miguel.Lab1.1A.o" "src\\Informes.o" "src\\Marca.o" "src\\Menu.o" "src\\Notebook.o" "src\\Servicio.o" "src\\Tipo.o" "src\\Trabajo.o" "src\\Validaciones.o" 
Info: Nothing to build for Gil.Miguel.Lab1.1A
Info: Nothing to build for Gil.Miguel.Lab1.1A
01:36:56 **** Incremental Build of configuration Debug for project Gil.Miguel.Lab1.1A ****
Info: Internal Builder is used for build
gcc -O0 -g3 -Wall -c -fmessage-length=0 -o "src\\Gil.Miguel.Lab1.1A.o" "..\\src\\Gil.Miguel.Lab1.1A.c" 
gcc -O0 -g3 -Wall -c -fmessage-length=0 -o "src\\Trabajo.o" "..\\src\\Trabajo.c" 
gcc -o Gil.Miguel.Lab1.1A.exe "src\\Fecha.o" "src\\Gil.Miguel.Lab1.1A.o" "src\\Informes.o" "src\\Marca.o" "src\\Menu.o" "src\\Notebook.o" "src\\Servicio.o" "src\\Tipo.o" "src\\Trabajo.o" "src\\Validaciones.o" 
01:38:10 **** Incremental Build of configuration Debug for project Gil.Miguel.Lab1.1A ****
Info: Internal Builder is used for build
gcc -O0 -g3 -Wall -c -fmessage-length=0 -o "src\\Trabajo.o" "..\\src\\Trabajo.c" 
gcc -o Gil.Miguel.Lab1.1A.exe "src\\Fecha.o" "src\\Gil.Miguel.Lab1.1A.o" "src\\Informes.o" "src\\Marca.o" "src\\Menu.o" "src\\Notebook.o" "src\\Servicio.o" "src\\Tipo.o" "src\\Trabajo.o" "src\\Validaciones.o" 
Info: Nothing to build for Gil.Miguel.Lab1.1A
Info: Nothing to build for Gil.Miguel.Lab1.1A
01:57:10 **** Incremental Build of configuration Debug for project Gil.Miguel.Lab1.1A ****
Info: Internal Builder is used for build
gcc -O0 -g3 -Wall -c -fmessage-length=0 -o "src\\Informes.o" "..\\src\\Informes.c" 
..\src\Informes.c:15:10: fatal error: empleado.h: No such file or directory
   15 | #include "empleado.h"
      |          ^~~~~~~~~~~~
compilation terminated.
01:57:21 **** Incremental Build of configuration Debug for project Gil.Miguel.Lab1.1A ****
Info: Internal Builder is used for build
gcc -O0 -g3 -Wall -c -fmessage-length=0 -o "src\\Menu.o" "..\\src\\Menu.c" 
gcc -O0 -g3 -Wall -c -fmessage-length=0 -o "src\\Informes.o" "..\\src\\Informes.c" 
..\src\Informes.c:8:1: error: unterminated comment
    8 | /*
      | ^
01:57:29 **** Incremental Build of configuration Debug for project Gil.Miguel.Lab1.1A ****
Info: Internal Builder is used for build
gcc -O0 -g3 -Wall -c -fmessage-length=0 -o "src\\Gil.Miguel.Lab1.1A.o" "..\\src\\Gil.Miguel.Lab1.1A.c" 
gcc -O0 -g3 -Wall -c -fmessage-length=0 -o "src\\Informes.o" "..\\src\\Informes.c" 
gcc -o Gil.Miguel.Lab1.1A.exe "src\\Fecha.o" "src\\Gil.Miguel.Lab1.1A.o" "src\\Informes.o" "src\\Marca.o" "src\\Menu.o" "src\\Notebook.o" "src\\Servicio.o" "src\\Tipo.o" "src\\Trabajo.o" "src\\Validaciones.o" 
Info: Nothing to build for Gil.Miguel.Lab1.1A
01:59:28 **** Incremental Build of configuration Debug for project Gil.Miguel.Lab1.1A ****
Info: Internal Builder is used for build
gcc -O0 -g3 -Wall -c -fmessage-length=0 -o "src\\Gil.Miguel.Lab1.1A.o" "..\\src\\Gil.Miguel.Lab1.1A.c" 
gcc -o Gil.Miguel.Lab1.1A.exe "src\\Fecha.o" "src\\Gil.Miguel.Lab1.1A.o" "src\\Informes.o" "src\\Marca.o" "src\\Menu.o" "src\\Notebook.o" "src\\Servicio.o" "src\\Tipo.o" "src\\Trabajo.o" "src\\Validaciones.o" 
02:00:50 **** Incremental Build of configuration Debug for project Gil.Miguel.Lab1.1A ****
Info: Internal Builder is used for build
gcc -O0 -g3 -Wall -c -fmessage-length=0 -o "src\\Gil.Miguel.Lab1.1A.o" "..\\src\\Gil.Miguel.Lab1.1A.c" 
gcc -o Gil.Miguel.Lab1.1A.exe "src\\Fecha.o" "src\\Gil.Miguel.Lab1.1A.o" "src\\Informes.o" "src\\Marca.o" "src\\Menu.o" "src\\Notebook.o" "src\\Servicio.o" "src\\Tipo.o" "src\\Trabajo.o" "src\\Validaciones.o" 
02:02:09 **** Incremental Build of configuration Debug for project Gil.Miguel.Lab1.1A ****
Info: Internal Builder is used for build
gcc -O0 -g3 -Wall -c -fmessage-length=0 -o "src\\Gil.Miguel.Lab1.1A.o" "..\\src\\Gil.Miguel.Lab1.1A.c" 
gcc -o Gil.Miguel.Lab1.1A.exe "src\\Fecha.o" "src\\Gil.Miguel.Lab1.1A.o" "src\\Informes.o" "src\\Marca.o" "src\\Menu.o" "src\\Notebook.o" "src\\Servicio.o" "src\\Tipo.o" "src\\Trabajo.o" "src\\Validaciones.o" 
02:04:34 **** Incremental Build of configuration Debug for project Gil.Miguel.Lab1.1A ****
Info: Internal Builder is used for build
gcc -O0 -g3 -Wall -c -fmessage-length=0 -o "src\\Gil.Miguel.Lab1.1A.o" "..\\src\\Gil.Miguel.Lab1.1A.c" 
gcc -o Gil.Miguel.Lab1.1A.exe "src\\Fecha.o" "src\\Gil.Miguel.Lab1.1A.o" "src\\Informes.o" "src\\Marca.o" "src\\Menu.o" "src\\Notebook.o" "src\\Servicio.o" "src\\Tipo.o" "src\\Trabajo.o" "src\\Validaciones.o" 
02:05:22 **** Incremental Build of configuration Debug for project Gil.Miguel.Lab1.1A ****
Info: Internal Builder is used for build
gcc -O0 -g3 -Wall -c -fmessage-length=0 -o "src\\Gil.Miguel.Lab1.1A.o" "..\\src\\Gil.Miguel.Lab1.1A.c" 
gcc -o Gil.Miguel.Lab1.1A.exe "src\\Fecha.o" "src\\Gil.Miguel.Lab1.1A.o" "src\\Informes.o" "src\\Marca.o" "src\\Menu.o" "src\\Notebook.o" "src\\Servicio.o" "src\\Tipo.o" "src\\Trabajo.o" "src\\Validaciones.o" 
02:05:54 **** Incremental Build of configuration Debug for project Gil.Miguel.Lab1.1A ****
Info: Internal Builder is used for build
gcc -O0 -g3 -Wall -c -fmessage-length=0 -o "src\\Gil.Miguel.Lab1.1A.o" "..\\src\\Gil.Miguel.Lab1.1A.c" 
gcc -o Gil.Miguel.Lab1.1A.exe "src\\Fecha.o" "src\\Gil.Miguel.Lab1.1A.o" "src\\Informes.o" "src\\Marca.o" "src\\Menu.o" "src\\Notebook.o" "src\\Servicio.o" "src\\Tipo.o" "src\\Trabajo.o" "src\\Validaciones.o" 
02:06:14 **** Incremental Build of configuration Debug for project Gil.Miguel.Lab1.1A ****
Info: Internal Builder is used for build
gcc -O0 -g3 -Wall -c -fmessage-length=0 -o "src\\Gil.Miguel.Lab1.1A.o" "..\\src\\Gil.Miguel.Lab1.1A.c" 
gcc -o Gil.Miguel.Lab1.1A.exe "src\\Fecha.o" "src\\Gil.Miguel.Lab1.1A.o" "src\\Informes.o" "src\\Marca.o" "src\\Menu.o" "src\\Notebook.o" "src\\Servicio.o" "src\\Tipo.o" "src\\Trabajo.o" "src\\Validaciones.o" 
02:06:59 **** Incremental Build of configuration Debug for project Gil.Miguel.Lab1.1A ****
Info: Internal Builder is used for build
gcc -O0 -g3 -Wall -c -fmessage-length=0 -o "src\\Gil.Miguel.Lab1.1A.o" "..\\src\\Gil.Miguel.Lab1.1A.c" 
gcc -o Gil.Miguel.Lab1.1A.exe "src\\Fecha.o" "src\\Gil.Miguel.Lab1.1A.o" "src\\Informes.o" "src\\Marca.o" "src\\Menu.o" "src\\Notebook.o" "src\\Servicio.o" "src\\Tipo.o" "src\\Trabajo.o" "src\\Validaciones.o" 
Info: Nothing to build for Gil.Miguel.Lab1.1A
Info: Nothing to build for Gil.Miguel.Lab1.1A
02:30:31 **** Incremental Build of configuration Debug for project Gil.Miguel.Lab1.1A ****
Info: Internal Builder is used for build
gcc -O0 -g3 -Wall -c -fmessage-length=0 -o "src\\Servicio.o" "..\\src\\Servicio.c" 
gcc -O0 -g3 -Wall -c -fmessage-length=0 -o "src\\Notebook.o" "..\\src\\Notebook.c" 
gcc -o Gil.Miguel.Lab1.1A.exe "src\\Fecha.o" "src\\Gil.Miguel.Lab1.1A.o" "src\\Informes.o" "src\\Marca.o" "src\\Menu.o" "src\\Notebook.o" "src\\Servicio.o" "src\\Tipo.o" "src\\Trabajo.o" "src\\Validaciones.o" 
Info: Nothing to build for Gil.Miguel.Lab1.1A
02:33:06 **** Incremental Build of configuration Debug for project Gil.Miguel.Lab1.1A ****
Info: Internal Builder is used for build
gcc -O0 -g3 -Wall -c -fmessage-length=0 -o "src\\Notebook.o" "..\\src\\Notebook.c" 
gcc -O0 -g3 -Wall -c -fmessage-length=0 -o "src\\Servicio.o" "..\\src\\Servicio.c" 
gcc -o Gil.Miguel.Lab1.1A.exe "src\\Fecha.o" "src\\Gil.Miguel.Lab1.1A.o" "src\\Informes.o" "src\\Marca.o" "src\\Menu.o" "src\\Notebook.o" "src\\Servicio.o" "src\\Tipo.o" "src\\Trabajo.o" "src\\Validaciones.o" 
02:33:49 **** Incremental Build of configuration Debug for project Gil.Miguel.Lab1.1A ****
Info: Internal Builder is used for build
gcc -O0 -g3 -Wall -c -fmessage-length=0 -o "src\\Servicio.o" "..\\src\\Servicio.c" 
gcc -o Gil.Miguel.Lab1.1A.exe "src\\Fecha.o" "src\\Gil.Miguel.Lab1.1A.o" "src\\Informes.o" "src\\Marca.o" "src\\Menu.o" "src\\Notebook.o" "src\\Servicio.o" "src\\Tipo.o" "src\\Trabajo.o" "src\\Validaciones.o" 
c:/mingw/bin/../lib/gcc/mingw32/9.2.0/../../../../mingw32/bin/ld.exe: cannot open output file Gil.Miguel.Lab1.1A.exe: Permission denied
collect2.exe: error: ld returned 1 exit status
02:33:53 **** Incremental Build of configuration Debug for project Gil.Miguel.Lab1.1A ****
Info: Internal Builder is used for build
gcc -o Gil.Miguel.Lab1.1A.exe "src\\Fecha.o" "src\\Gil.Miguel.Lab1.1A.o" "src\\Informes.o" "src\\Marca.o" "src\\Menu.o" "src\\Notebook.o" "src\\Servicio.o" "src\\Tipo.o" "src\\Trabajo.o" "src\\Validaciones.o" 
02:34:34 **** Incremental Build of configuration Debug for project Gil.Miguel.Lab1.1A ****
Info: Internal Builder is used for build
gcc -O0 -g3 -Wall -c -fmessage-length=0 -o "src\\Servicio.o" "..\\src\\Servicio.c" 
gcc -o Gil.Miguel.Lab1.1A.exe "src\\Fecha.o" "src\\Gil.Miguel.Lab1.1A.o" "src\\Informes.o" "src\\Marca.o" "src\\Menu.o" "src\\Notebook.o" "src\\Servicio.o" "src\\Tipo.o" "src\\Trabajo.o" "src\\Validaciones.o" 
02:36:11 **** Incremental Build of configuration Debug for project Gil.Miguel.Lab1.1A ****
Info: Internal Builder is used for build
gcc -O0 -g3 -Wall -c -fmessage-length=0 -o "src\\Servicio.o" "..\\src\\Servicio.c" 
gcc -o Gil.Miguel.Lab1.1A.exe "src\\Fecha.o" "src\\Gil.Miguel.Lab1.1A.o" "src\\Informes.o" "src\\Marca.o" "src\\Menu.o" "src\\Notebook.o" "src\\Servicio.o" "src\\Tipo.o" "src\\Trabajo.o" "src\\Validaciones.o" 
02:36:49 **** Incremental Build of configuration Debug for project Gil.Miguel.Lab1.1A ****
Info: Internal Builder is used for build
gcc -O0 -g3 -Wall -c -fmessage-length=0 -o "src\\Servicio.o" "..\\src\\Servicio.c" 
..\src\Servicio.c: In function 'listarServicios':
..\src\Servicio.c:24:41: warning: unknown conversion type character '.' in format [-Wformat=]
   24 |     printf("   %4d    %10s          $%.8.2f\n", servicios[i].id, servicios[i].descripcion, servicios[i].precio);
      |                                         ^
..\src\Servicio.c:24:12: warning: too many arguments for format [-Wformat-extra-args]
   24 |     printf("   %4d    %10s          $%.8.2f\n", servicios[i].id, servicios[i].descripcion, servicios[i].precio);
      |            ^~~~~~~~~~~~~~~~~~~~~~~~~~~~~~~~~~~
gcc -o Gil.Miguel.Lab1.1A.exe "src\\Fecha.o" "src\\Gil.Miguel.Lab1.1A.o" "src\\Informes.o" "src\\Marca.o" "src\\Menu.o" "src\\Notebook.o" "src\\Servicio.o" "src\\Tipo.o" "src\\Trabajo.o" "src\\Validaciones.o" 
02:37:07 **** Incremental Build of configuration Debug for project Gil.Miguel.Lab1.1A ****
Info: Internal Builder is used for build
gcc -O0 -g3 -Wall -c -fmessage-length=0 -o "src\\Servicio.o" "..\\src\\Servicio.c" 
gcc -o Gil.Miguel.Lab1.1A.exe "src\\Fecha.o" "src\\Gil.Miguel.Lab1.1A.o" "src\\Informes.o" "src\\Marca.o" "src\\Menu.o" "src\\Notebook.o" "src\\Servicio.o" "src\\Tipo.o" "src\\Trabajo.o" "src\\Validaciones.o" 
02:38:33 **** Incremental Build of configuration Debug for project Gil.Miguel.Lab1.1A ****
Info: Internal Builder is used for build
gcc -O0 -g3 -Wall -c -fmessage-length=0 -o "src\\Servicio.o" "..\\src\\Servicio.c" 
gcc -o Gil.Miguel.Lab1.1A.exe "src\\Fecha.o" "src\\Gil.Miguel.Lab1.1A.o" "src\\Informes.o" "src\\Marca.o" "src\\Menu.o" "src\\Notebook.o" "src\\Servicio.o" "src\\Tipo.o" "src\\Trabajo.o" "src\\Validaciones.o" 
02:39:30 **** Incremental Build of configuration Debug for project Gil.Miguel.Lab1.1A ****
Info: Internal Builder is used for build
gcc -O0 -g3 -Wall -c -fmessage-length=0 -o "src\\Servicio.o" "..\\src\\Servicio.c" 
gcc -o Gil.Miguel.Lab1.1A.exe "src\\Fecha.o" "src\\Gil.Miguel.Lab1.1A.o" "src\\Informes.o" "src\\Marca.o" "src\\Menu.o" "src\\Notebook.o" "src\\Servicio.o" "src\\Tipo.o" "src\\Trabajo.o" "src\\Validaciones.o" 
02:40:36 **** Incremental Build of configuration Debug for project Gil.Miguel.Lab1.1A ****
Info: Internal Builder is used for build
gcc -O0 -g3 -Wall -c -fmessage-length=0 -o "src\\Servicio.o" "..\\src\\Servicio.c" 
gcc -o Gil.Miguel.Lab1.1A.exe "src\\Fecha.o" "src\\Gil.Miguel.Lab1.1A.o" "src\\Informes.o" "src\\Marca.o" "src\\Menu.o" "src\\Notebook.o" "src\\Servicio.o" "src\\Tipo.o" "src\\Trabajo.o" "src\\Validaciones.o" 
02:41:08 **** Incremental Build of configuration Debug for project Gil.Miguel.Lab1.1A ****
Info: Internal Builder is used for build
gcc -O0 -g3 -Wall -c -fmessage-length=0 -o "src\\Servicio.o" "..\\src\\Servicio.c" 
gcc -o Gil.Miguel.Lab1.1A.exe "src\\Fecha.o" "src\\Gil.Miguel.Lab1.1A.o" "src\\Informes.o" "src\\Marca.o" "src\\Menu.o" "src\\Notebook.o" "src\\Servicio.o" "src\\Tipo.o" "src\\Trabajo.o" "src\\Validaciones.o" 
02:41:35 **** Incremental Build of configuration Debug for project Gil.Miguel.Lab1.1A ****
Info: Internal Builder is used for build
gcc -O0 -g3 -Wall -c -fmessage-length=0 -o "src\\Servicio.o" "..\\src\\Servicio.c" 
gcc -o Gil.Miguel.Lab1.1A.exe "src\\Fecha.o" "src\\Gil.Miguel.Lab1.1A.o" "src\\Informes.o" "src\\Marca.o" "src\\Menu.o" "src\\Notebook.o" "src\\Servicio.o" "src\\Tipo.o" "src\\Trabajo.o" "src\\Validaciones.o" 
02:41:49 **** Incremental Build of configuration Debug for project Gil.Miguel.Lab1.1A ****
Info: Internal Builder is used for build
gcc -O0 -g3 -Wall -c -fmessage-length=0 -o "src\\Servicio.o" "..\\src\\Servicio.c" 
gcc -o Gil.Miguel.Lab1.1A.exe "src\\Fecha.o" "src\\Gil.Miguel.Lab1.1A.o" "src\\Informes.o" "src\\Marca.o" "src\\Menu.o" "src\\Notebook.o" "src\\Servicio.o" "src\\Tipo.o" "src\\Trabajo.o" "src\\Validaciones.o" 
02:42:38 **** Incremental Build of configuration Debug for project Gil.Miguel.Lab1.1A ****
Info: Internal Builder is used for build
gcc -O0 -g3 -Wall -c -fmessage-length=0 -o "src\\Servicio.o" "..\\src\\Servicio.c" 
..\src\Servicio.c: In function 'listarServicios':
..\src\Servicio.c:24:45: warning: unknown conversion type character '.' in format [-Wformat=]
   24 |     printf("   %4d    %10s              %.15.2f\n", servicios[i].id, servicios[i].descripcion, servicios[i].precio);
      |                                             ^
..\src\Servicio.c:24:12: warning: too many arguments for format [-Wformat-extra-args]
   24 |     printf("   %4d    %10s              %.15.2f\n", servicios[i].id, servicios[i].descripcion, servicios[i].precio);
      |            ^~~~~~~~~~~~~~~~~~~~~~~~~~~~~~~~~~~~~~~
gcc -o Gil.Miguel.Lab1.1A.exe "src\\Fecha.o" "src\\Gil.Miguel.Lab1.1A.o" "src\\Informes.o" "src\\Marca.o" "src\\Menu.o" "src\\Notebook.o" "src\\Servicio.o" "src\\Tipo.o" "src\\Trabajo.o" "src\\Validaciones.o" 
c:/mingw/bin/../lib/gcc/mingw32/9.2.0/../../../../mingw32/bin/ld.exe: cannot open output file Gil.Miguel.Lab1.1A.exe: Permission denied
collect2.exe: error: ld returned 1 exit status
02:42:41 **** Incremental Build of configuration Debug for project Gil.Miguel.Lab1.1A ****
Info: Internal Builder is used for build
gcc -o Gil.Miguel.Lab1.1A.exe "src\\Fecha.o" "src\\Gil.Miguel.Lab1.1A.o" "src\\Informes.o" "src\\Marca.o" "src\\Menu.o" "src\\Notebook.o" "src\\Servicio.o" "src\\Tipo.o" "src\\Trabajo.o" "src\\Validaciones.o" 
02:43:40 **** Incremental Build of configuration Debug for project Gil.Miguel.Lab1.1A ****
Info: Internal Builder is used for build
gcc -O0 -g3 -Wall -c -fmessage-length=0 -o "src\\Servicio.o" "..\\src\\Servicio.c" 
gcc -o Gil.Miguel.Lab1.1A.exe "src\\Fecha.o" "src\\Gil.Miguel.Lab1.1A.o" "src\\Informes.o" "src\\Marca.o" "src\\Menu.o" "src\\Notebook.o" "src\\Servicio.o" "src\\Tipo.o" "src\\Trabajo.o" "src\\Validaciones.o" 
02:45:10 **** Incremental Build of configuration Debug for project Gil.Miguel.Lab1.1A ****
Info: Internal Builder is used for build
gcc -O0 -g3 -Wall -c -fmessage-length=0 -o "src\\Notebook.o" "..\\src\\Notebook.c" 
gcc -o Gil.Miguel.Lab1.1A.exe "src\\Fecha.o" "src\\Gil.Miguel.Lab1.1A.o" "src\\Informes.o" "src\\Marca.o" "src\\Menu.o" "src\\Notebook.o" "src\\Servicio.o" "src\\Tipo.o" "src\\Trabajo.o" "src\\Validaciones.o" 
02:48:03 **** Incremental Build of configuration Debug for project Gil.Miguel.Lab1.1A ****
Info: Internal Builder is used for build
gcc -O0 -g3 -Wall -c -fmessage-length=0 -o "src\\Servicio.o" "..\\src\\Servicio.c" 
gcc -o Gil.Miguel.Lab1.1A.exe "src\\Fecha.o" "src\\Gil.Miguel.Lab1.1A.o" "src\\Informes.o" "src\\Marca.o" "src\\Menu.o" "src\\Notebook.o" "src\\Servicio.o" "src\\Tipo.o" "src\\Trabajo.o" "src\\Validaciones.o" 
02:48:24 **** Incremental Build of configuration Debug for project Gil.Miguel.Lab1.1A ****
Info: Internal Builder is used for build
gcc -O0 -g3 -Wall -c -fmessage-length=0 -o "src\\Servicio.o" "..\\src\\Servicio.c" 
gcc -o Gil.Miguel.Lab1.1A.exe "src\\Fecha.o" "src\\Gil.Miguel.Lab1.1A.o" "src\\Informes.o" "src\\Marca.o" "src\\Menu.o" "src\\Notebook.o" "src\\Servicio.o" "src\\Tipo.o" "src\\Trabajo.o" "src\\Validaciones.o" 
02:48:44 **** Incremental Build of configuration Debug for project Gil.Miguel.Lab1.1A ****
Info: Internal Builder is used for build
gcc -O0 -g3 -Wall -c -fmessage-length=0 -o "src\\Servicio.o" "..\\src\\Servicio.c" 
gcc -o Gil.Miguel.Lab1.1A.exe "src\\Fecha.o" "src\\Gil.Miguel.Lab1.1A.o" "src\\Informes.o" "src\\Marca.o" "src\\Menu.o" "src\\Notebook.o" "src\\Servicio.o" "src\\Tipo.o" "src\\Trabajo.o" "src\\Validaciones.o" 
02:48:54 **** Incremental Build of configuration Debug for project Gil.Miguel.Lab1.1A ****
Info: Internal Builder is used for build
gcc -O0 -g3 -Wall -c -fmessage-length=0 -o "src\\Servicio.o" "..\\src\\Servicio.c" 
gcc -o Gil.Miguel.Lab1.1A.exe "src\\Fecha.o" "src\\Gil.Miguel.Lab1.1A.o" "src\\Informes.o" "src\\Marca.o" "src\\Menu.o" "src\\Notebook.o" "src\\Servicio.o" "src\\Tipo.o" "src\\Trabajo.o" "src\\Validaciones.o" 
02:49:08 **** Incremental Build of configuration Debug for project Gil.Miguel.Lab1.1A ****
Info: Internal Builder is used for build
gcc -O0 -g3 -Wall -c -fmessage-length=0 -o "src\\Servicio.o" "..\\src\\Servicio.c" 
gcc -o Gil.Miguel.Lab1.1A.exe "src\\Fecha.o" "src\\Gil.Miguel.Lab1.1A.o" "src\\Informes.o" "src\\Marca.o" "src\\Menu.o" "src\\Notebook.o" "src\\Servicio.o" "src\\Tipo.o" "src\\Trabajo.o" "src\\Validaciones.o" 
02:49:31 **** Incremental Build of configuration Debug for project Gil.Miguel.Lab1.1A ****
Info: Internal Builder is used for build
gcc -O0 -g3 -Wall -c -fmessage-length=0 -o "src\\Servicio.o" "..\\src\\Servicio.c" 
gcc -o Gil.Miguel.Lab1.1A.exe "src\\Fecha.o" "src\\Gil.Miguel.Lab1.1A.o" "src\\Informes.o" "src\\Marca.o" "src\\Menu.o" "src\\Notebook.o" "src\\Servicio.o" "src\\Tipo.o" "src\\Trabajo.o" "src\\Validaciones.o" 
02:49:45 **** Incremental Build of configuration Debug for project Gil.Miguel.Lab1.1A ****
Info: Internal Builder is used for build
gcc -O0 -g3 -Wall -c -fmessage-length=0 -o "src\\Servicio.o" "..\\src\\Servicio.c" 
gcc -o Gil.Miguel.Lab1.1A.exe "src\\Fecha.o" "src\\Gil.Miguel.Lab1.1A.o" "src\\Informes.o" "src\\Marca.o" "src\\Menu.o" "src\\Notebook.o" "src\\Servicio.o" "src\\Tipo.o" "src\\Trabajo.o" "src\\Validaciones.o" 
02:50:16 **** Incremental Build of configuration Debug for project Gil.Miguel.Lab1.1A ****
Info: Internal Builder is used for build
gcc -O0 -g3 -Wall -c -fmessage-length=0 -o "src\\Servicio.o" "..\\src\\Servicio.c" 
gcc -o Gil.Miguel.Lab1.1A.exe "src\\Fecha.o" "src\\Gil.Miguel.Lab1.1A.o" "src\\Informes.o" "src\\Marca.o" "src\\Menu.o" "src\\Notebook.o" "src\\Servicio.o" "src\\Tipo.o" "src\\Trabajo.o" "src\\Validaciones.o" 
03:59:42 **** Incremental Build of configuration Debug for project Gil.Miguel.Lab1.1A ****
Info: Internal Builder is used for build
gcc -O0 -g3 -Wall -c -fmessage-length=0 -o "src\\Menu.o" "..\\src\\Menu.c" 
gcc -O0 -g3 -Wall -c -fmessage-length=0 -o "src\\Notebook.o" "..\\src\\Notebook.c" 
gcc -O0 -g3 -Wall -c -fmessage-length=0 -o "src\\Gil.Miguel.Lab1.1A.o" "..\\src\\Gil.Miguel.Lab1.1A.c" 
gcc -O0 -g3 -Wall -c -fmessage-length=0 -o "src\\Informes.o" "..\\src\\Informes.c" 
..\src\Informes.c:15:10: fatal error: empleado.h: No such file or directory
   15 | #include "empleado.h"
      |          ^~~~~~~~~~~~
compilation terminated.
04:00:22 **** Incremental Build of configuration Debug for project Gil.Miguel.Lab1.1A ****
Info: Internal Builder is used for build
gcc -O0 -g3 -Wall -c -fmessage-length=0 -o "src\\Informes.o" "..\\src\\Informes.c" 
gcc -o Gil.Miguel.Lab1.1A.exe "src\\Fecha.o" "src\\Gil.Miguel.Lab1.1A.o" "src\\Informes.o" "src\\Marca.o" "src\\Menu.o" "src\\Notebook.o" "src\\Servicio.o" "src\\Tipo.o" "src\\Trabajo.o" "src\\Validaciones.o" 
04:00:41 **** Incremental Build of configuration Debug for project Gil.Miguel.Lab1.1A ****
Info: Internal Builder is used for build
gcc -O0 -g3 -Wall -c -fmessage-length=0 -o "src\\Gil.Miguel.Lab1.1A.o" "..\\src\\Gil.Miguel.Lab1.1A.c" 
gcc -o Gil.Miguel.Lab1.1A.exe "src\\Fecha.o" "src\\Gil.Miguel.Lab1.1A.o" "src\\Informes.o" "src\\Marca.o" "src\\Menu.o" "src\\Notebook.o" "src\\Servicio.o" "src\\Tipo.o" "src\\Trabajo.o" "src\\Validaciones.o" 
04:01:00 **** Incremental Build of configuration Debug for project Gil.Miguel.Lab1.1A ****
Info: Internal Builder is used for build
gcc -O0 -g3 -Wall -c -fmessage-length=0 -o "src\\Gil.Miguel.Lab1.1A.o" "..\\src\\Gil.Miguel.Lab1.1A.c" 
gcc -o Gil.Miguel.Lab1.1A.exe "src\\Fecha.o" "src\\Gil.Miguel.Lab1.1A.o" "src\\Informes.o" "src\\Marca.o" "src\\Menu.o" "src\\Notebook.o" "src\\Servicio.o" "src\\Tipo.o" "src\\Trabajo.o" "src\\Validaciones.o" 
04:02:39 **** Incremental Build of configuration Debug for project Gil.Miguel.Lab1.1A ****
Info: Internal Builder is used for build
gcc -O0 -g3 -Wall -c -fmessage-length=0 -o "src\\Gil.Miguel.Lab1.1A.o" "..\\src\\Gil.Miguel.Lab1.1A.c" 
gcc -o Gil.Miguel.Lab1.1A.exe "src\\Fecha.o" "src\\Gil.Miguel.Lab1.1A.o" "src\\Informes.o" "src\\Marca.o" "src\\Menu.o" "src\\Notebook.o" "src\\Servicio.o" "src\\Tipo.o" "src\\Trabajo.o" "src\\Validaciones.o" 
15:21:35 **** Incremental Build of configuration Debug for project Gil.Miguel.Lab1.1A ****
Info: Internal Builder is used for build
gcc -O0 -g3 -Wall -c -fmessage-length=0 -o "src\\Informes.o" "..\\src\\Informes.c" 
gcc -O0 -g3 -Wall -c -fmessage-length=0 -o "src\\Gil.Miguel.Lab1.1A.o" "..\\src\\Gil.Miguel.Lab1.1A.c" 
..\src\Gil.Miguel.Lab1.1A.c: In function 'informarMarcaMayorNotebooks':
..\src\Gil.Miguel.Lab1.1A.c:395:9: warning: variable 'mayorCantidadIndice' set but not used [-Wunused-but-set-variable]
  395 |     int mayorCantidadIndice = 0;
      |         ^~~~~~~~~~~~~~~~~~~
gcc -o Gil.Miguel.Lab1.1A.exe "src\\Fecha.o" "src\\Gil.Miguel.Lab1.1A.o" "src\\Informes.o" "src\\Marca.o" "src\\Menu.o" "src\\Notebook.o" "src\\Servicio.o" "src\\Tipo.o" "src\\Trabajo.o" "src\\Validaciones.o" 
Info: Nothing to build for Gil.Miguel.Lab1.1A
15:22:44 **** Incremental Build of configuration Debug for project Gil.Miguel.Lab1.1A ****
Info: Internal Builder is used for build
gcc -O0 -g3 -Wall -c -fmessage-length=0 -o "src\\Gil.Miguel.Lab1.1A.o" "..\\src\\Gil.Miguel.Lab1.1A.c" 
gcc -o Gil.Miguel.Lab1.1A.exe "src\\Fecha.o" "src\\Gil.Miguel.Lab1.1A.o" "src\\Informes.o" "src\\Marca.o" "src\\Menu.o" "src\\Notebook.o" "src\\Servicio.o" "src\\Tipo.o" "src\\Trabajo.o" "src\\Validaciones.o" 
Info: Nothing to build for Gil.Miguel.Lab1.1A
15:23:55 **** Incremental Build of configuration Debug for project Gil.Miguel.Lab1.1A ****
Info: Internal Builder is used for build
gcc -O0 -g3 -Wall -c -fmessage-length=0 -o "src\\Gil.Miguel.Lab1.1A.o" "..\\src\\Gil.Miguel.Lab1.1A.c" 
gcc -o Gil.Miguel.Lab1.1A.exe "src\\Fecha.o" "src\\Gil.Miguel.Lab1.1A.o" "src\\Informes.o" "src\\Marca.o" "src\\Menu.o" "src\\Notebook.o" "src\\Servicio.o" "src\\Tipo.o" "src\\Trabajo.o" "src\\Validaciones.o" 
Info: Nothing to build for Gil.Miguel.Lab1.1A
Info: Nothing to build for Gil.Miguel.Lab1.1A
15:48:11 **** Incremental Build of configuration Debug for project Gil.Miguel.Lab1.1A ****
Info: Internal Builder is used for build
gcc -O0 -g3 -Wall -c -fmessage-length=0 -o "src\\Gil.Miguel.Lab1.1A.o" "..\\src\\Gil.Miguel.Lab1.1A.c" 
gcc -o Gil.Miguel.Lab1.1A.exe "src\\Fecha.o" "src\\Gil.Miguel.Lab1.1A.o" "src\\Informes.o" "src\\Marca.o" "src\\Menu.o" "src\\Notebook.o" "src\\Servicio.o" "src\\Tipo.o" "src\\Trabajo.o" "src\\Validaciones.o" 
15:57:20 **** Incremental Build of configuration Debug for project Gil.Miguel.Lab1.1A ****
Info: Internal Builder is used for build
gcc -O0 -g3 -Wall -c -fmessage-length=0 -o "src\\Gil.Miguel.Lab1.1A.o" "..\\src\\Gil.Miguel.Lab1.1A.c" 
gcc -o Gil.Miguel.Lab1.1A.exe "src\\Fecha.o" "src\\Gil.Miguel.Lab1.1A.o" "src\\Informes.o" "src\\Marca.o" "src\\Menu.o" "src\\Notebook.o" "src\\Servicio.o" "src\\Tipo.o" "src\\Trabajo.o" "src\\Validaciones.o" 
Info: Nothing to build for Gil.Miguel.Lab1.1A
18:58:44 **** Incremental Build of configuration Debug for project Gil.Miguel.Lab1.1A ****
Info: Internal Builder is used for build
gcc -O0 -g3 -Wall -c -fmessage-length=0 -o "src\\Fecha.o" "..\\src\\Fecha.c" 
gcc -O0 -g3 -Wall -c -fmessage-length=0 -o "src\\Trabajo.o" "..\\src\\Trabajo.c" 
gcc -O0 -g3 -Wall -c -fmessage-length=0 -o "src\\Notebook.o" "..\\src\\Notebook.c" 
gcc -O0 -g3 -Wall -c -fmessage-length=0 -o "src\\Gil.Miguel.Lab1.1A.o" "..\\src\\Gil.Miguel.Lab1.1A.c" 
gcc -o Gil.Miguel.Lab1.1A.exe "src\\Fecha.o" "src\\Gil.Miguel.Lab1.1A.o" "src\\Informes.o" "src\\Marca.o" "src\\Menu.o" "src\\Notebook.o" "src\\Servicio.o" "src\\Tipo.o" "src\\Trabajo.o" "src\\Validaciones.o" 
22:04:03 **** Incremental Build of configuration Debug for project Gil.Miguel.Lab1.1A ****
Info: Internal Builder is used for build
gcc -O0 -g3 -Wall -c -fmessage-length=0 -o "src\\Fecha.o" "..\\src\\Fecha.c" 
gcc -O0 -g3 -Wall -c -fmessage-length=0 -o "src\\Trabajo.o" "..\\src\\Trabajo.c" 
gcc -O0 -g3 -Wall -c -fmessage-length=0 -o "src\\Gil.Miguel.Lab1.1A.o" "..\\src\\Gil.Miguel.Lab1.1A.c" 
gcc -O0 -g3 -Wall -c -fmessage-length=0 -o "src\\Notebook.o" "..\\src\\Notebook.c" 
gcc -o Gil.Miguel.Lab1.1A.exe "src\\Fecha.o" "src\\Gil.Miguel.Lab1.1A.o" "src\\Informes.o" "src\\Marca.o" "src\\Menu.o" "src\\Notebook.o" "src\\Servicio.o" "src\\Tipo.o" "src\\Trabajo.o" "src\\Validaciones.o" 
23:56:16 **** Incremental Build of configuration Debug for project Gil.Miguel.Lab1.1A ****
Info: Internal Builder is used for build
gcc -O0 -g3 -Wall -c -fmessage-length=0 -o "src\\Cliente.o" "..\\src\\Cliente.c" 
gcc -o Gil.Miguel.Lab1.1A.exe "src\\Cliente.o" "src\\Fecha.o" "src\\Gil.Miguel.Lab1.1A.o" "src\\Informes.o" "src\\Marca.o" "src\\Menu.o" "src\\Notebook.o" "src\\Servicio.o" "src\\Tipo.o" "src\\Trabajo.o" "src\\Validaciones.o" 
23:56:28 **** Incremental Build of configuration Debug for project Gil.Miguel.Lab1.1A ****
Info: Internal Builder is used for build
gcc -O0 -g3 -Wall -c -fmessage-length=0 -o "src\\Cliente.o" "..\\src\\Cliente.c" 
gcc -o Gil.Miguel.Lab1.1A.exe "src\\Cliente.o" "src\\Fecha.o" "src\\Gil.Miguel.Lab1.1A.o" "src\\Informes.o" "src\\Marca.o" "src\\Menu.o" "src\\Notebook.o" "src\\Servicio.o" "src\\Tipo.o" "src\\Trabajo.o" "src\\Validaciones.o" 
00:13:55 **** Incremental Build of configuration Debug for project Gil.Miguel.Lab1.1A ****
Info: Internal Builder is used for build
gcc -O0 -g3 -Wall -c -fmessage-length=0 -o "src\\Trabajo.o" "..\\src\\Trabajo.c" 
..\src\Trabajo.c: In function 'listarTrabajosNotebook':
..\src\Trabajo.c:341:36: error: incompatible type for argument 1 of 'mostrarNotebook'
  341 |                 mostrarNotebook(vec[i], marcas, tamMar, tipos, tamTip);
      |                                 ~~~^~~
      |                                    |
      |                                    eTrabajo {aka struct <anonymous>}
In file included from ..\src\Trabajo.h:11,
                 from ..\src\Trabajo.c:13:
..\src\Notebook.h:33:31: note: expected 'eNotebook' {aka 'struct <anonymous>'} but argument is of type 'eTrabajo' {aka 'struct <anonymous>'}
   33 | int mostrarNotebook(eNotebook lista, eMarca marcas[], int tamMar, eTipo tipos[], int tamTip);
      |                     ~~~~~~~~~~^~~~~
..\src\Trabajo.c:348:49: error: 'idMarca' undeclared (first use in this function); did you mean 'eMarca'?
  348 |          cargarDescripcionMarca(marcas, tamMar, idMarca, descripcion);
      |                                                 ^~~~~~~
      |                                                 eMarca
..\src\Trabajo.c:348:49: note: each undeclared identifier is reported only once for each function it appears in
..\src\Trabajo.c:348:58: error: 'descripcion' undeclared (first use in this function)
  348 |          cargarDescripcionMarca(marcas, tamMar, idMarca, descripcion);
      |                                                          ^~~~~~~~~~~
00:14:05 **** Incremental Build of configuration Debug for project Gil.Miguel.Lab1.1A ****
Info: Internal Builder is used for build
gcc -O0 -g3 -Wall -c -fmessage-length=0 -o "src\\Notebook.o" "..\\src\\Notebook.c" 
gcc -O0 -g3 -Wall -c -fmessage-length=0 -o "src\\Trabajo.o" "..\\src\\Trabajo.c" 
..\src\Trabajo.c:371:1: warning: "/*" within comment [-Wcomment]
  371 | /*
      |  
..\src\Trabajo.c:306:1: error: unterminated comment
  306 | /*
      | ^
00:14:12 **** Incremental Build of configuration Debug for project Gil.Miguel.Lab1.1A ****
Info: Internal Builder is used for build
gcc -O0 -g3 -Wall -c -fmessage-length=0 -o "src\\Trabajo.o" "..\\src\\Trabajo.c" 
gcc -o Gil.Miguel.Lab1.1A.exe "src\\Cliente.o" "src\\Fecha.o" "src\\Gil.Miguel.Lab1.1A.o" "src\\Informes.o" "src\\Marca.o" "src\\Menu.o" "src\\Notebook.o" "src\\Servicio.o" "src\\Tipo.o" "src\\Trabajo.o" "src\\Validaciones.o" 
Info: Nothing to build for Gil.Miguel.Lab1.1A
00:15:47 **** Incremental Build of configuration Debug for project Gil.Miguel.Lab1.1A ****
Info: Internal Builder is used for build
gcc -O0 -g3 -Wall -c -fmessage-length=0 -o "src\\Notebook.o" "..\\src\\Notebook.c" 
gcc -o Gil.Miguel.Lab1.1A.exe "src\\Cliente.o" "src\\Fecha.o" "src\\Gil.Miguel.Lab1.1A.o" "src\\Informes.o" "src\\Marca.o" "src\\Menu.o" "src\\Notebook.o" "src\\Servicio.o" "src\\Tipo.o" "src\\Trabajo.o" "src\\Validaciones.o" 
00:20:38 **** Incremental Build of configuration Debug for project Gil.Miguel.Lab1.1A ****
Info: Internal Builder is used for build
gcc -O0 -g3 -Wall -c -fmessage-length=0 -o "src\\Trabajo.o" "..\\src\\Trabajo.c" 
..\src\Trabajo.c: In function 'informarTrabajosNotebook':
..\src\Trabajo.c:341:36: error: incompatible type for argument 1 of 'mostrarNotebook'
  341 |                 mostrarNotebook(vec[i], marcas, tamMar, tipos, tamTip);
      |                                 ~~~^~~
      |                                    |
      |                                    eTrabajo {aka struct <anonymous>}
In file included from ..\src\Trabajo.h:11,
                 from ..\src\Trabajo.c:13:
..\src\Notebook.h:33:31: note: expected 'eNotebook' {aka 'struct <anonymous>'} but argument is of type 'eTrabajo' {aka 'struct <anonymous>'}
   33 | int mostrarNotebook(eNotebook lista, eMarca marcas[], int tamMar, eTipo tipos[], int tamTip);
      |                     ~~~~~~~~~~^~~~~
00:21:54 **** Incremental Build of configuration Debug for project Gil.Miguel.Lab1.1A ****
Info: Internal Builder is used for build
gcc -O0 -g3 -Wall -c -fmessage-length=0 -o "src\\Trabajo.o" "..\\src\\Trabajo.c" 
gcc -O0 -g3 -Wall -c -fmessage-length=0 -o "src\\Gil.Miguel.Lab1.1A.o" "..\\src\\Gil.Miguel.Lab1.1A.c" 
gcc -o Gil.Miguel.Lab1.1A.exe "src\\Cliente.o" "src\\Fecha.o" "src\\Gil.Miguel.Lab1.1A.o" "src\\Informes.o" "src\\Marca.o" "src\\Menu.o" "src\\Notebook.o" "src\\Servicio.o" "src\\Tipo.o" "src\\Trabajo.o" "src\\Validaciones.o" 
Info: Nothing to build for Gil.Miguel.Lab1.1A
00:23:31 **** Incremental Build of configuration Debug for project Gil.Miguel.Lab1.1A ****
Info: Internal Builder is used for build
gcc -O0 -g3 -Wall -c -fmessage-length=0 -o "src\\Gil.Miguel.Lab1.1A.o" "..\\src\\Gil.Miguel.Lab1.1A.c" 
gcc -o Gil.Miguel.Lab1.1A.exe "src\\Cliente.o" "src\\Fecha.o" "src\\Gil.Miguel.Lab1.1A.o" "src\\Informes.o" "src\\Marca.o" "src\\Menu.o" "src\\Notebook.o" "src\\Servicio.o" "src\\Tipo.o" "src\\Trabajo.o" "src\\Validaciones.o" 
Info: Nothing to build for Gil.Miguel.Lab1.1A
00:24:24 **** Incremental Build of configuration Debug for project Gil.Miguel.Lab1.1A ****
Info: Internal Builder is used for build
gcc -O0 -g3 -Wall -c -fmessage-length=0 -o "src\\Trabajo.o" "..\\src\\Trabajo.c" 
gcc -o Gil.Miguel.Lab1.1A.exe "src\\Cliente.o" "src\\Fecha.o" "src\\Gil.Miguel.Lab1.1A.o" "src\\Informes.o" "src\\Marca.o" "src\\Menu.o" "src\\Notebook.o" "src\\Servicio.o" "src\\Tipo.o" "src\\Trabajo.o" "src\\Validaciones.o" 
Info: Nothing to build for Gil.Miguel.Lab1.1A
00:27:55 **** Incremental Build of configuration Debug for project Gil.Miguel.Lab1.1A ****
Info: Internal Builder is used for build
gcc -O0 -g3 -Wall -c -fmessage-length=0 -o "src\\Gil.Miguel.Lab1.1A.o" "..\\src\\Gil.Miguel.Lab1.1A.c" 
gcc -O0 -g3 -Wall -c -fmessage-length=0 -o "src\\Notebook.o" "..\\src\\Notebook.c" 
gcc -O0 -g3 -Wall -c -fmessage-length=0 -o "src\\Trabajo.o" "..\\src\\Trabajo.c" 
gcc -o Gil.Miguel.Lab1.1A.exe "src\\Cliente.o" "src\\Fecha.o" "src\\Gil.Miguel.Lab1.1A.o" "src\\Informes.o" "src\\Marca.o" "src\\Menu.o" "src\\Notebook.o" "src\\Servicio.o" "src\\Tipo.o" "src\\Trabajo.o" "src\\Validaciones.o" 
01:06:04 **** Incremental Build of configuration Debug for project Gil.Miguel.Lab1.1A ****
Info: Internal Builder is used for build
gcc -O0 -g3 -Wall -c -fmessage-length=0 -o "src\\Gil.Miguel.Lab1.1A.o" "..\\src\\Gil.Miguel.Lab1.1A.c" 
gcc -o Gil.Miguel.Lab1.1A.exe "src\\Cliente.o" "src\\Fecha.o" "src\\Gil.Miguel.Lab1.1A.o" "src\\Informes.o" "src\\Marca.o" "src\\Menu.o" "src\\Notebook.o" "src\\Servicio.o" "src\\Tipo.o" "src\\Trabajo.o" "src\\Validaciones.o" 
Info: Nothing to build for Gil.Miguel.Lab1.1A
01:38:39 **** Incremental Build of configuration Debug for project Gil.Miguel.Lab1.1A ****
Info: Internal Builder is used for build
gcc -O0 -g3 -Wall -c -fmessage-length=0 -o "src\\Gil.Miguel.Lab1.1A.o" "..\\src\\Gil.Miguel.Lab1.1A.c" 
..\src\Gil.Miguel.Lab1.1A.c: In function 'informarMarcaMayorNotebooks':
..\src\Gil.Miguel.Lab1.1A.c:180:9: warning: unused variable 'mayorCantidadIndice' [-Wunused-variable]
  180 |     int mayorCantidadIndice = 0;
      |         ^~~~~~~~~~~~~~~~~~~
gcc -o Gil.Miguel.Lab1.1A.exe "src\\Cliente.o" "src\\Fecha.o" "src\\Gil.Miguel.Lab1.1A.o" "src\\Informes.o" "src\\Marca.o" "src\\Menu.o" "src\\Notebook.o" "src\\Servicio.o" "src\\Tipo.o" "src\\Trabajo.o" "src\\Validaciones.o" 
01:38:47 **** Incremental Build of configuration Debug for project Gil.Miguel.Lab1.1A ****
Info: Internal Builder is used for build
gcc -O0 -g3 -Wall -c -fmessage-length=0 -o "src\\Gil.Miguel.Lab1.1A.o" "..\\src\\Gil.Miguel.Lab1.1A.c" 
gcc -o Gil.Miguel.Lab1.1A.exe "src\\Cliente.o" "src\\Fecha.o" "src\\Gil.Miguel.Lab1.1A.o" "src\\Informes.o" "src\\Marca.o" "src\\Menu.o" "src\\Notebook.o" "src\\Servicio.o" "src\\Tipo.o" "src\\Trabajo.o" "src\\Validaciones.o" 
Info: Nothing to build for Gil.Miguel.Lab1.1A
01:40:56 **** Incremental Build of configuration Debug for project Gil.Miguel.Lab1.1A ****
Info: Internal Builder is used for build
gcc -O0 -g3 -Wall -c -fmessage-length=0 -o "src\\Gil.Miguel.Lab1.1A.o" "..\\src\\Gil.Miguel.Lab1.1A.c" 
gcc -o Gil.Miguel.Lab1.1A.exe "src\\Cliente.o" "src\\Fecha.o" "src\\Gil.Miguel.Lab1.1A.o" "src\\Informes.o" "src\\Marca.o" "src\\Menu.o" "src\\Notebook.o" "src\\Servicio.o" "src\\Tipo.o" "src\\Trabajo.o" "src\\Validaciones.o" 
01:42:57 **** Incremental Build of configuration Debug for project Gil.Miguel.Lab1.1A ****
Info: Internal Builder is used for build
gcc -O0 -g3 -Wall -c -fmessage-length=0 -o "src\\Gil.Miguel.Lab1.1A.o" "..\\src\\Gil.Miguel.Lab1.1A.c" 
gcc -o Gil.Miguel.Lab1.1A.exe "src\\Cliente.o" "src\\Fecha.o" "src\\Gil.Miguel.Lab1.1A.o" "src\\Informes.o" "src\\Marca.o" "src\\Menu.o" "src\\Notebook.o" "src\\Servicio.o" "src\\Tipo.o" "src\\Trabajo.o" "src\\Validaciones.o" 
01:58:11 **** Incremental Build of configuration Debug for project Gil.Miguel.Lab1.1A ****
Info: Internal Builder is used for build
gcc -O0 -g3 -Wall -c -fmessage-length=0 -o "src\\Gil.Miguel.Lab1.1A.o" "..\\src\\Gil.Miguel.Lab1.1A.c" 
gcc -o Gil.Miguel.Lab1.1A.exe "src\\Cliente.o" "src\\Fecha.o" "src\\Gil.Miguel.Lab1.1A.o" "src\\Informes.o" "src\\Marca.o" "src\\Menu.o" "src\\Notebook.o" "src\\Servicio.o" "src\\Tipo.o" "src\\Trabajo.o" "src\\Validaciones.o" 
Info: Nothing to build for Gil.Miguel.Lab1.1A
Info: Nothing to build for Gil.Miguel.Lab1.1A
Info: Nothing to build for Gil.Miguel.Lab1.1A
02:02:52 **** Incremental Build of configuration Debug for project Gil.Miguel.Lab1.1A ****
Info: Internal Builder is used for build
gcc -O0 -g3 -Wall -c -fmessage-length=0 -o "src\\Gil.Miguel.Lab1.1A.o" "..\\src\\Gil.Miguel.Lab1.1A.c" 
gcc -o Gil.Miguel.Lab1.1A.exe "src\\Cliente.o" "src\\Fecha.o" "src\\Gil.Miguel.Lab1.1A.o" "src\\Informes.o" "src\\Marca.o" "src\\Menu.o" "src\\Notebook.o" "src\\Servicio.o" "src\\Tipo.o" "src\\Trabajo.o" "src\\Validaciones.o" 
Info: Nothing to build for Gil.Miguel.Lab1.1A
02:04:21 **** Incremental Build of configuration Debug for project Gil.Miguel.Lab1.1A ****
Info: Internal Builder is used for build
gcc -O0 -g3 -Wall -c -fmessage-length=0 -o "src\\Gil.Miguel.Lab1.1A.o" "..\\src\\Gil.Miguel.Lab1.1A.c" 
gcc -o Gil.Miguel.Lab1.1A.exe "src\\Cliente.o" "src\\Fecha.o" "src\\Gil.Miguel.Lab1.1A.o" "src\\Informes.o" "src\\Marca.o" "src\\Menu.o" "src\\Notebook.o" "src\\Servicio.o" "src\\Tipo.o" "src\\Trabajo.o" "src\\Validaciones.o" 
08:46:42 **** Incremental Build of configuration Debug for project Gil.Miguel.Lab1.1A ****
Info: Internal Builder is used for build
gcc -O0 -g3 -Wall -c -fmessage-length=0 -o "src\\Gil.Miguel.Lab1.1A.o" "..\\src\\Gil.Miguel.Lab1.1A.c" 
gcc -o Gil.Miguel.Lab1.1A.exe "src\\Cliente.o" "src\\Fecha.o" "src\\Gil.Miguel.Lab1.1A.o" "src\\Informes.o" "src\\Marca.o" "src\\Menu.o" "src\\Notebook.o" "src\\Servicio.o" "src\\Tipo.o" "src\\Trabajo.o" "src\\Validaciones.o" 
Info: Nothing to build for Gil.Miguel.Lab1.1A
09:06:51 **** Incremental Build of configuration Debug for project Gil.Miguel.Lab1.1A ****
Info: Internal Builder is used for build
gcc -O0 -g3 -Wall -c -fmessage-length=0 -o "src\\Trabajo.o" "..\\src\\Trabajo.c" 
gcc -O0 -g3 -Wall -c -fmessage-length=0 -o "src\\Gil.Miguel.Lab1.1A.o" "..\\src\\Gil.Miguel.Lab1.1A.c" 
gcc -O0 -g3 -Wall -c -fmessage-length=0 -o "src\\Informes.o" "..\\src\\Informes.c" 
gcc -O0 -g3 -Wall -c -fmessage-length=0 -o "src\\Notebook.o" "..\\src\\Notebook.c" 
..\src\Notebook.c: In function 'informarNotebookMenorPrecio':
..\src\Notebook.c:599:16: warning: too many arguments for format [-Wformat-extra-args]
  599 |         printf("\n    ***   La/s Notebook/s ms barata/s  ***\n", descripcion);
      |                ^~~~~~~~~~~~~~~~~~~~~~~~~~~~~~~~~~~~~~~~~~~~~~~~~
gcc -O0 -g3 -Wall -c -fmessage-length=0 -o "src\\Fecha.o" "..\\src\\Fecha.c" 
gcc -O0 -g3 -Wall -c -fmessage-length=0 -o "src\\Menu.o" "..\\src\\Menu.c" 
gcc -o Gil.Miguel.Lab1.1A.exe "src\\Cliente.o" "src\\Fecha.o" "src\\Gil.Miguel.Lab1.1A.o" "src\\Informes.o" "src\\Marca.o" "src\\Menu.o" "src\\Notebook.o" "src\\Servicio.o" "src\\Tipo.o" "src\\Trabajo.o" "src\\Validaciones.o" 
09:07:18 **** Incremental Build of configuration Debug for project Gil.Miguel.Lab1.1A ****
Info: Internal Builder is used for build
gcc -O0 -g3 -Wall -c -fmessage-length=0 -o "src\\Notebook.o" "..\\src\\Notebook.c" 
..\src\Notebook.c: In function 'informarNotebookMenorPrecio':
..\src\Notebook.c:595:7: warning: unused variable 'descripcion' [-Wunused-variable]
  595 |  char descripcion[20];
      |       ^~~~~~~~~~~
gcc -o Gil.Miguel.Lab1.1A.exe "src\\Cliente.o" "src\\Fecha.o" "src\\Gil.Miguel.Lab1.1A.o" "src\\Informes.o" "src\\Marca.o" "src\\Menu.o" "src\\Notebook.o" "src\\Servicio.o" "src\\Tipo.o" "src\\Trabajo.o" "src\\Validaciones.o" 
09:07:24 **** Incremental Build of configuration Debug for project Gil.Miguel.Lab1.1A ****
Info: Internal Builder is used for build
gcc -O0 -g3 -Wall -c -fmessage-length=0 -o "src\\Notebook.o" "..\\src\\Notebook.c" 
gcc -o Gil.Miguel.Lab1.1A.exe "src\\Cliente.o" "src\\Fecha.o" "src\\Gil.Miguel.Lab1.1A.o" "src\\Informes.o" "src\\Marca.o" "src\\Menu.o" "src\\Notebook.o" "src\\Servicio.o" "src\\Tipo.o" "src\\Trabajo.o" "src\\Validaciones.o" 
Info: Nothing to build for Gil.Miguel.Lab1.1A
09:08:20 **** Incremental Build of configuration Debug for project Gil.Miguel.Lab1.1A ****
Info: Internal Builder is used for build
gcc -O0 -g3 -Wall -c -fmessage-length=0 -o "src\\Notebook.o" "..\\src\\Notebook.c" 
gcc -o Gil.Miguel.Lab1.1A.exe "src\\Cliente.o" "src\\Fecha.o" "src\\Gil.Miguel.Lab1.1A.o" "src\\Informes.o" "src\\Marca.o" "src\\Menu.o" "src\\Notebook.o" "src\\Servicio.o" "src\\Tipo.o" "src\\Trabajo.o" "src\\Validaciones.o" 
09:26:09 **** Incremental Build of configuration Debug for project Gil.Miguel.Lab1.1A ****
Info: Internal Builder is used for build
gcc -O0 -g3 -Wall -c -fmessage-length=0 -o "src\\Fecha.o" "..\\src\\Fecha.c" 
gcc -O0 -g3 -Wall -c -fmessage-length=0 -o "src\\Gil.Miguel.Lab1.1A.o" "..\\src\\Gil.Miguel.Lab1.1A.c" 
..\src\Gil.Miguel.Lab1.1A.c: In function 'main':
..\src\Gil.Miguel.Lab1.1A.c:129:4: warning: implicit declaration of function 'informarMarcaMayorNotebooks'; did you mean 'informarTrabajosNotebook'? [-Wimplicit-function-declaration]
  129 |    informarMarcaMayorNotebooks(lista, TAM, marcas, TAMM);
      |    ^~~~~~~~~~~~~~~~~~~~~~~~~~~
      |    informarTrabajosNotebook
gcc -O0 -g3 -Wall -c -fmessage-length=0 -o "src\\Servicio.o" "..\\src\\Servicio.c" 
..\src\Servicio.c:88:54: error: unknown type name 'eTrabajo'
   88 | int informarServiciosFecha(eServicio vec[], int tam, eTrabajo trabajos[], int tamTra)
      |                                                      ^~~~~~~~
09:26:16 **** Incremental Build of configuration Debug for project Gil.Miguel.Lab1.1A ****
Info: Internal Builder is used for build
gcc -O0 -g3 -Wall -c -fmessage-length=0 -o "src\\Trabajo.o" "..\\src\\Trabajo.c" 
gcc -O0 -g3 -Wall -c -fmessage-length=0 -o "src\\Gil.Miguel.Lab1.1A.o" "..\\src\\Gil.Miguel.Lab1.1A.c" 
gcc -O0 -g3 -Wall -c -fmessage-length=0 -o "src\\Servicio.o" "..\\src\\Servicio.c" 
..\src\Servicio.c:88:54: error: unknown type name 'eTrabajo'
   88 | int informarServiciosFecha(eServicio vec[], int tam, eTrabajo trabajos[], int tamTra)
      |                                                      ^~~~~~~~
09:26:26 **** Incremental Build of configuration Debug for project Gil.Miguel.Lab1.1A ****
Info: Internal Builder is used for build
gcc -O0 -g3 -Wall -c -fmessage-length=0 -o "src\\Notebook.o" "..\\src\\Notebook.c" 
..\src\Notebook.c:634:1: error: unterminated comment
  634 | /*
      | ^
09:26:43 **** Incremental Build of configuration Debug for project Gil.Miguel.Lab1.1A ****
Info: Internal Builder is used for build
gcc -O0 -g3 -Wall -c -fmessage-length=0 -o "src\\Servicio.o" "..\\src\\Servicio.c" 
..\src\Servicio.c:87:1: error: unterminated comment
   87 | /*
      | ^
09:26:50 **** Incremental Build of configuration Debug for project Gil.Miguel.Lab1.1A ****
Info: Internal Builder is used for build
gcc -O0 -g3 -Wall -c -fmessage-length=0 -o "src\\Servicio.o" "..\\src\\Servicio.c" 
gcc -O0 -g3 -Wall -c -fmessage-length=0 -o "src\\Notebook.o" "..\\src\\Notebook.c" 
gcc -o Gil.Miguel.Lab1.1A.exe "src\\Cliente.o" "src\\Fecha.o" "src\\Gil.Miguel.Lab1.1A.o" "src\\Informes.o" "src\\Marca.o" "src\\Menu.o" "src\\Notebook.o" "src\\Servicio.o" "src\\Tipo.o" "src\\Trabajo.o" "src\\Validaciones.o" 
Info: Nothing to build for Gil.Miguel.Lab1.1A
09:28:58 **** Incremental Build of configuration Debug for project Gil.Miguel.Lab1.1A ****
Info: Internal Builder is used for build
gcc -O0 -g3 -Wall -c -fmessage-length=0 -o "src\\Gil.Miguel.Lab1.1A.o" "..\\src\\Gil.Miguel.Lab1.1A.c" 
In file included from ..\src\Trabajo.h:13,
                 from ..\src\Gil.Miguel.Lab1.1A.c:20:
..\src\Fecha.h:40:18: error: unknown type name 'eTrabajo'
   40 | int listarFechas(eTrabajo trabajos[], int tamTra, eFecha vec[], int tam);
      |                  ^~~~~~~~
..\src\Gil.Miguel.Lab1.1A.c: In function 'main':
..\src\Gil.Miguel.Lab1.1A.c:137:17: warning: passing argument 1 of 'listarFechas' from incompatible pointer type [-Wincompatible-pointer-types]
  137 |    listarFechas(fechas, 5);
      |                 ^~~~~~
      |                 |
      |                 eFecha * {aka struct <anonymous> *}
In file included from ..\src\Gil.Miguel.Lab1.1A.c:21:
..\src\Fecha.h:40:27: note: expected 'eTrabajo *' {aka 'struct <anonymous> *'} but argument is of type 'eFecha *' {aka 'struct <anonymous> *'}
   40 | int listarFechas(eTrabajo trabajos[], int tamTra, eFecha vec[], int tam);
      |                  ~~~~~~~~~^~~~~~~~~~
..\src\Gil.Miguel.Lab1.1A.c:137:4: error: too few arguments to function 'listarFechas'
  137 |    listarFechas(fechas, 5);
      |    ^~~~~~~~~~~~
In file included from ..\src\Gil.Miguel.Lab1.1A.c:21:
..\src\Fecha.h:40:5: note: declared here
   40 | int listarFechas(eTrabajo trabajos[], int tamTra, eFecha vec[], int tam);
      |     ^~~~~~~~~~~~
09:29:16 **** Incremental Build of configuration Debug for project Gil.Miguel.Lab1.1A ****
Info: Internal Builder is used for build
gcc -O0 -g3 -Wall -c -fmessage-length=0 -o "src\\Trabajo.o" "..\\src\\Trabajo.c" 
In file included from ..\src\Trabajo.h:13,
                 from ..\src\Fecha.h:11,
                 from ..\src\Trabajo.c:12:
..\src\Fecha.h:25:18: error: unknown type name 'eFecha'
   25 | int validarFecha(eFecha* unaFecha);
      |                  ^~~~~~
..\src\Fecha.h:32:20: error: unknown type name 'eFecha'
   32 | int compararFechas(eFecha* fecha1, eFecha* fecha2);
      |                    ^~~~~~
..\src\Fecha.h:32:36: error: unknown type name 'eFecha'
   32 | int compararFechas(eFecha* fecha1, eFecha* fecha2);
      |                                    ^~~~~~
..\src\Fecha.h:42:18: error: unknown type name 'eTrabajo'
   42 | int listarFechas(eTrabajo trabajos[], int tamTra, eFecha vec[], int tam);
      |                  ^~~~~~~~
..\src\Fecha.h:42:51: error: unknown type name 'eFecha'
   42 | int listarFechas(eTrabajo trabajos[], int tamTra, eFecha vec[], int tam);
      |                                                   ^~~~~~
In file included from ..\src\Fecha.h:11,
                 from ..\src\Trabajo.c:12:
..\src\Trabajo.h:19:2: error: unknown type name 'eFecha'
   19 |  eFecha fPactada;
      |  ^~~~~~
..\src\Trabajo.c: In function 'mostrarTrabajo':
..\src\Trabajo.c:52:57: error: request for member 'dia' in something not a structure or union
   52 |     lista.id, descNotebook, descServicio, lista.fPactada.dia, lista.fPactada.mes, lista.fPactada.anio);
      |                                                         ^
..\src\Trabajo.c:52:77: error: request for member 'mes' in something not a structure or union
   52 |     lista.id, descNotebook, descServicio, lista.fPactada.dia, lista.fPactada.mes, lista.fPactada.anio);
      |                                                                             ^
..\src\Trabajo.c:52:97: error: request for member 'anio' in something not a structure or union
   52 |     lista.id, descNotebook, descServicio, lista.fPactada.dia, lista.fPactada.mes, lista.fPactada.anio);
      |                                                                                                 ^
..\src\Trabajo.c: In function 'altaTrabajo':
..\src\Trabajo.c:165:41: error: incompatible types when assigning to type 'int' from type 'eFecha' {aka 'struct <anonymous>'}
  165 |                 nuevoTrabajo.fPactada = fecha;
      |                                         ^~~~~
..\src\Trabajo.c: In function 'hardcodearTrabajos':
..\src\Trabajo.c:190:9: warning: braces around scalar initializer
  190 |         {0, 10000, 20000, {28,2,2005}, 0},
      |         ^
..\src\Trabajo.c:190:9: note: (near initialization for 'hardcodeos[0].fPactada')
..\src\Trabajo.c:190:31: warning: excess elements in scalar initializer
  190 |         {0, 10000, 20000, {28,2,2005}, 0},
      |                               ^
..\src\Trabajo.c:190:31: note: (near initialization for 'hardcodeos[0].fPactada')
..\src\Trabajo.c:190:33: warning: excess elements in scalar initializer
  190 |         {0, 10000, 20000, {28,2,2005}, 0},
      |                                 ^~~~
..\src\Trabajo.c:190:33: note: (near initialization for 'hardcodeos[0].fPactada')
..\src\Trabajo.c:191:9: warning: braces around scalar initializer
  191 |         {0, 10002, 20004, {28,1,2005}, 0},
      |         ^
..\src\Trabajo.c:191:9: note: (near initialization for 'hardcodeos[1].fPactada')
..\src\Trabajo.c:191:31: warning: excess elements in scalar initializer
  191 |         {0, 10002, 20004, {28,1,2005}, 0},
      |                               ^
..\src\Trabajo.c:191:31: note: (near initialization for 'hardcodeos[1].fPactada')
..\src\Trabajo.c:191:33: warning: excess elements in scalar initializer
  191 |         {0, 10002, 20004, {28,1,2005}, 0},
      |                                 ^~~~
..\src\Trabajo.c:191:33: note: (near initialization for 'hardcodeos[1].fPactada')
..\src\Trabajo.c:192:9: warning: braces around scalar initializer
  192 |         {0, 10003, 20001, {4,6,1999}, 0},
      |         ^
..\src\Trabajo.c:192:9: note: (near initialization for 'hardcodeos[2].fPactada')
..\src\Trabajo.c:192:30: warning: excess elements in scalar initializer
  192 |         {0, 10003, 20001, {4,6,1999}, 0},
      |                              ^
..\src\Trabajo.c:192:30: note: (near initialization for 'hardcodeos[2].fPactada')
..\src\Trabajo.c:192:32: warning: excess elements in scalar initializer
  192 |         {0, 10003, 20001, {4,6,1999}, 0},
      |                                ^~~~
..\src\Trabajo.c:192:32: note: (near initialization for 'hardcodeos[2].fPactada')
..\src\Trabajo.c:193:9: warning: braces around scalar initializer
  193 |         {0, 10001, 20003, {5,3,2016}, 0},
      |         ^
..\src\Trabajo.c:193:9: note: (near initialization for 'hardcodeos[3].fPactada')
..\src\Trabajo.c:193:30: warning: excess elements in scalar initializer
  193 |         {0, 10001, 20003, {5,3,2016}, 0},
      |                              ^
..\src\Trabajo.c:193:30: note: (near initialization for 'hardcodeos[3].fPactada')
..\src\Trabajo.c:193:32: warning: excess elements in scalar initializer
  193 |         {0, 10001, 20003, {5,3,2016}, 0},
      |                                ^~~~
..\src\Trabajo.c:193:32: note: (near initialization for 'hardcodeos[3].fPactada')
..\src\Trabajo.c:194:9: warning: braces around scalar initializer
  194 |         {0, 10004, 20002, {4,3,2016}, 0}
      |         ^
..\src\Trabajo.c:194:9: note: (near initialization for 'hardcodeos[4].fPactada')
..\src\Trabajo.c:194:30: warning: excess elements in scalar initializer
  194 |         {0, 10004, 20002, {4,3,2016}, 0}
      |                              ^
..\src\Trabajo.c:194:30: note: (near initialization for 'hardcodeos[4].fPactada')
..\src\Trabajo.c:194:32: warning: excess elements in scalar initializer
  194 |         {0, 10004, 20002, {4,3,2016}, 0}
      |                                ^~~~
..\src\Trabajo.c:194:32: note: (near initialization for 'hardcodeos[4].fPactada')
09:29:48 **** Incremental Build of configuration Debug for project Gil.Miguel.Lab1.1A ****
Info: Internal Builder is used for build
gcc -O0 -g3 -Wall -c -fmessage-length=0 -o "src\\Trabajo.o" "..\\src\\Trabajo.c" 
gcc -O0 -g3 -Wall -c -fmessage-length=0 -o "src\\Fecha.o" "..\\src\\Fecha.c" 
gcc -O0 -g3 -Wall -c -fmessage-length=0 -o "src\\Gil.Miguel.Lab1.1A.o" "..\\src\\Gil.Miguel.Lab1.1A.c" 
..\src\Gil.Miguel.Lab1.1A.c: In function 'main':
..\src\Gil.Miguel.Lab1.1A.c:137:4: warning: implicit declaration of function 'listarFechas'; did you mean 'listarMarcas'? [-Wimplicit-function-declaration]
  137 |    listarFechas(fechas, 5);
      |    ^~~~~~~~~~~~
      |    listarMarcas
gcc -o Gil.Miguel.Lab1.1A.exe "src\\Cliente.o" "src\\Fecha.o" "src\\Gil.Miguel.Lab1.1A.o" "src\\Informes.o" "src\\Marca.o" "src\\Menu.o" "src\\Notebook.o" "src\\Servicio.o" "src\\Tipo.o" "src\\Trabajo.o" "src\\Validaciones.o" 
c:/mingw/bin/../lib/gcc/mingw32/9.2.0/../../../../mingw32/bin/ld.exe: cannot open output file Gil.Miguel.Lab1.1A.exe: Permission denied
collect2.exe: error: ld returned 1 exit status
09:29:52 **** Incremental Build of configuration Debug for project Gil.Miguel.Lab1.1A ****
Info: Internal Builder is used for build
gcc -o Gil.Miguel.Lab1.1A.exe "src\\Cliente.o" "src\\Fecha.o" "src\\Gil.Miguel.Lab1.1A.o" "src\\Informes.o" "src\\Marca.o" "src\\Menu.o" "src\\Notebook.o" "src\\Servicio.o" "src\\Tipo.o" "src\\Trabajo.o" "src\\Validaciones.o" 
c:/mingw/bin/../lib/gcc/mingw32/9.2.0/../../../../mingw32/bin/ld.exe: cannot open output file Gil.Miguel.Lab1.1A.exe: Permission denied
collect2.exe: error: ld returned 1 exit status
09:29:53 **** Incremental Build of configuration Debug for project Gil.Miguel.Lab1.1A ****
Info: Internal Builder is used for build
gcc -o Gil.Miguel.Lab1.1A.exe "src\\Cliente.o" "src\\Fecha.o" "src\\Gil.Miguel.Lab1.1A.o" "src\\Informes.o" "src\\Marca.o" "src\\Menu.o" "src\\Notebook.o" "src\\Servicio.o" "src\\Tipo.o" "src\\Trabajo.o" "src\\Validaciones.o" 
c:/mingw/bin/../lib/gcc/mingw32/9.2.0/../../../../mingw32/bin/ld.exe: cannot open output file Gil.Miguel.Lab1.1A.exe: Permission denied
collect2.exe: error: ld returned 1 exit status
09:29:53 **** Incremental Build of configuration Debug for project Gil.Miguel.Lab1.1A ****
Info: Internal Builder is used for build
gcc -o Gil.Miguel.Lab1.1A.exe "src\\Cliente.o" "src\\Fecha.o" "src\\Gil.Miguel.Lab1.1A.o" "src\\Informes.o" "src\\Marca.o" "src\\Menu.o" "src\\Notebook.o" "src\\Servicio.o" "src\\Tipo.o" "src\\Trabajo.o" "src\\Validaciones.o" 
c:/mingw/bin/../lib/gcc/mingw32/9.2.0/../../../../mingw32/bin/ld.exe: cannot open output file Gil.Miguel.Lab1.1A.exe: Permission denied
collect2.exe: error: ld returned 1 exit status
09:30:21 **** Incremental Build of configuration Debug for project Gil.Miguel.Lab1.1A ****
Info: Internal Builder is used for build
gcc -o Gil.Miguel.Lab1.1A.exe "src\\Cliente.o" "src\\Fecha.o" "src\\Gil.Miguel.Lab1.1A.o" "src\\Informes.o" "src\\Marca.o" "src\\Menu.o" "src\\Notebook.o" "src\\Servicio.o" "src\\Tipo.o" "src\\Trabajo.o" "src\\Validaciones.o" 
09:44:44 **** Incremental Build of configuration Debug for project Gil.Miguel.Lab1.1A ****
Info: Internal Builder is used for build
gcc -O0 -g3 -Wall -c -fmessage-length=0 -o "src\\Informes.o" "..\\src\\Informes.c" 
gcc -O0 -g3 -Wall -c -fmessage-length=0 -o "src\\Trabajo.o" "..\\src\\Trabajo.c" 
gcc -O0 -g3 -Wall -c -fmessage-length=0 -o "src\\Notebook.o" "..\\src\\Notebook.c" 
..\src\Notebook.c: In function 'informarMarcaMayorNotebooks':
..\src\Notebook.c:749:38: warning: format '%d' expects argument of type 'int', but argument 2 has type 'double' [-Wformat=]
  749 |      printf("Cantidad de Notebooks: %d\n", mayorCantidad);
      |                                     ~^     ~~~~~~~~~~~~~
      |                                      |     |
      |                                      int   double
      |                                     %f
gcc -O0 -g3 -Wall -c -fmessage-length=0 -o "src\\Fecha.o" "..\\src\\Fecha.c" 
gcc -O0 -g3 -Wall -c -fmessage-length=0 -o "src\\Gil.Miguel.Lab1.1A.o" "..\\src\\Gil.Miguel.Lab1.1A.c" 
..\src\Gil.Miguel.Lab1.1A.c: In function 'main':
..\src\Gil.Miguel.Lab1.1A.c:137:4: warning: implicit declaration of function 'listarFechas'; did you mean 'listarMarcas'? [-Wimplicit-function-declaration]
  137 |    listarFechas(fechas, 5);
      |    ^~~~~~~~~~~~
      |    listarMarcas
gcc -o Gil.Miguel.Lab1.1A.exe "src\\Cliente.o" "src\\Fecha.o" "src\\Gil.Miguel.Lab1.1A.o" "src\\Informes.o" "src\\Marca.o" "src\\Menu.o" "src\\Notebook.o" "src\\Servicio.o" "src\\Tipo.o" "src\\Trabajo.o" "src\\Validaciones.o" 
c:/mingw/bin/../lib/gcc/mingw32/9.2.0/../../../../mingw32/bin/ld.exe: src\Gil.Miguel.Lab1.1A.o: in function `main':
C:\Users\JUNMI\Desktop\Gil.Miguel.P1.Lab1.1A\Gil.Miguel.Lab1.1A\Debug/../src/Gil.Miguel.Lab1.1A.c:137: undefined reference to `listarFechas'
collect2.exe: error: ld returned 1 exit status
09:44:59 **** Incremental Build of configuration Debug for project Gil.Miguel.Lab1.1A ****
Info: Internal Builder is used for build
gcc -O0 -g3 -Wall -c -fmessage-length=0 -o "src\\Gil.Miguel.Lab1.1A.o" "..\\src\\Gil.Miguel.Lab1.1A.c" 
gcc -o Gil.Miguel.Lab1.1A.exe "src\\Cliente.o" "src\\Fecha.o" "src\\Gil.Miguel.Lab1.1A.o" "src\\Informes.o" "src\\Marca.o" "src\\Menu.o" "src\\Notebook.o" "src\\Servicio.o" "src\\Tipo.o" "src\\Trabajo.o" "src\\Validaciones.o" 
Info: Nothing to build for Gil.Miguel.Lab1.1A
Info: Nothing to build for Gil.Miguel.Lab1.1A
Info: Nothing to build for Gil.Miguel.Lab1.1A
09:46:14 **** Incremental Build of configuration Debug for project Gil.Miguel.Lab1.1A ****
Info: Internal Builder is used for build
gcc -O0 -g3 -Wall -c -fmessage-length=0 -o "src\\Notebook.o" "..\\src\\Notebook.c" 
..\src\Notebook.c: In function 'informarMarcaMayorNotebooks':
..\src\Notebook.c:749:38: warning: format '%d' expects argument of type 'int', but argument 2 has type 'double' [-Wformat=]
  749 |      printf("Cantidad de Notebooks: %d\n", mayorCantidad);
      |                                     ~^     ~~~~~~~~~~~~~
      |                                      |     |
      |                                      int   double
      |                                     %f
gcc -o Gil.Miguel.Lab1.1A.exe "src\\Cliente.o" "src\\Fecha.o" "src\\Gil.Miguel.Lab1.1A.o" "src\\Informes.o" "src\\Marca.o" "src\\Menu.o" "src\\Notebook.o" "src\\Servicio.o" "src\\Tipo.o" "src\\Trabajo.o" "src\\Validaciones.o" 
c:/mingw/bin/../lib/gcc/mingw32/9.2.0/../../../../mingw32/bin/ld.exe: cannot open output file Gil.Miguel.Lab1.1A.exe: Permission denied
collect2.exe: error: ld returned 1 exit status
09:46:21 **** Incremental Build of configuration Debug for project Gil.Miguel.Lab1.1A ****
Info: Internal Builder is used for build
gcc -o Gil.Miguel.Lab1.1A.exe "src\\Cliente.o" "src\\Fecha.o" "src\\Gil.Miguel.Lab1.1A.o" "src\\Informes.o" "src\\Marca.o" "src\\Menu.o" "src\\Notebook.o" "src\\Servicio.o" "src\\Tipo.o" "src\\Trabajo.o" "src\\Validaciones.o" 
09:47:19 **** Incremental Build of configuration Debug for project Gil.Miguel.Lab1.1A ****
Info: Internal Builder is used for build
gcc -O0 -g3 -Wall -c -fmessage-length=0 -o "src\\Notebook.o" "..\\src\\Notebook.c" 
gcc -o Gil.Miguel.Lab1.1A.exe "src\\Cliente.o" "src\\Fecha.o" "src\\Gil.Miguel.Lab1.1A.o" "src\\Informes.o" "src\\Marca.o" "src\\Menu.o" "src\\Notebook.o" "src\\Servicio.o" "src\\Tipo.o" "src\\Trabajo.o" "src\\Validaciones.o" 
Info: Nothing to build for Gil.Miguel.Lab1.1A
09:51:09 **** Incremental Build of configuration Debug for project Gil.Miguel.Lab1.1A ****
Info: Internal Builder is used for build
gcc -O0 -g3 -Wall -c -fmessage-length=0 -o "src\\Notebook.o" "..\\src\\Notebook.c" 
gcc -o Gil.Miguel.Lab1.1A.exe "src\\Cliente.o" "src\\Fecha.o" "src\\Gil.Miguel.Lab1.1A.o" "src\\Informes.o" "src\\Marca.o" "src\\Menu.o" "src\\Notebook.o" "src\\Servicio.o" "src\\Tipo.o" "src\\Trabajo.o" "src\\Validaciones.o" 
10:03:51 **** Incremental Build of configuration Debug for project Gil.Miguel.Lab1.1A ****
Info: Internal Builder is used for build
gcc -O0 -g3 -Wall -c -fmessage-length=0 -o "src\\Trabajo.o" "..\\src\\Trabajo.c" 
..\src\Trabajo.c: In function 'informarTrabajosNotebook':
..\src\Trabajo.c:224:44: warning: passing argument 4 of 'buscarNotebook' from incompatible pointer type [-Wincompatible-pointer-types]
  224 |      buscarNotebook(notebooks, tam, 10000, &indice);
      |                                            ^~~~~~~
      |                                            |
      |                                            int **
In file included from ..\src\Trabajo.h:11,
                 from ..\src\Trabajo.c:13:
..\src\Notebook.h:90:59: note: expected 'int *' but argument is of type 'int **'
   90 | int buscarNotebook(eNotebook vec[], int tam, int id, int* pIndice);
      |                                                      ~~~~~^~~~~~~
..\src\Trabajo.c:225:16: warning: comparison between pointer and integer
  225 |      if(indice == -1)
      |                ^~
gcc -O0 -g3 -Wall -c -fmessage-length=0 -o "src\\Notebook.o" "..\\src\\Notebook.c" 
gcc -O0 -g3 -Wall -c -fmessage-length=0 -o "src\\Gil.Miguel.Lab1.1A.o" "..\\src\\Gil.Miguel.Lab1.1A.c" 
gcc -O0 -g3 -Wall -c -fmessage-length=0 -o "src\\Fecha.o" "..\\src\\Fecha.c" 
gcc -o Gil.Miguel.Lab1.1A.exe "src\\Cliente.o" "src\\Fecha.o" "src\\Gil.Miguel.Lab1.1A.o" "src\\Informes.o" "src\\Marca.o" "src\\Menu.o" "src\\Notebook.o" "src\\Servicio.o" "src\\Tipo.o" "src\\Trabajo.o" "src\\Validaciones.o" 
10:04:00 **** Incremental Build of configuration Debug for project Gil.Miguel.Lab1.1A ****
Info: Internal Builder is used for build
gcc -O0 -g3 -Wall -c -fmessage-length=0 -o "src\\Trabajo.o" "..\\src\\Trabajo.c" 
gcc -o Gil.Miguel.Lab1.1A.exe "src\\Cliente.o" "src\\Fecha.o" "src\\Gil.Miguel.Lab1.1A.o" "src\\Informes.o" "src\\Marca.o" "src\\Menu.o" "src\\Notebook.o" "src\\Servicio.o" "src\\Tipo.o" "src\\Trabajo.o" "src\\Validaciones.o" 
Info: Nothing to build for Gil.Miguel.Lab1.1A
Info: Nothing to build for Gil.Miguel.Lab1.1A
Info: Nothing to build for Gil.Miguel.Lab1.1A
10:08:45 **** Incremental Build of configuration Debug for project Gil.Miguel.Lab1.1A ****
Info: Internal Builder is used for build
gcc -O0 -g3 -Wall -c -fmessage-length=0 -o "src\\Trabajo.o" "..\\src\\Trabajo.c" 
gcc -o Gil.Miguel.Lab1.1A.exe "src\\Cliente.o" "src\\Fecha.o" "src\\Gil.Miguel.Lab1.1A.o" "src\\Informes.o" "src\\Marca.o" "src\\Menu.o" "src\\Notebook.o" "src\\Servicio.o" "src\\Tipo.o" "src\\Trabajo.o" "src\\Validaciones.o" 
c:/mingw/bin/../lib/gcc/mingw32/9.2.0/../../../../mingw32/bin/ld.exe: cannot open output file Gil.Miguel.Lab1.1A.exe: Permission denied
collect2.exe: error: ld returned 1 exit status
10:08:50 **** Incremental Build of configuration Debug for project Gil.Miguel.Lab1.1A ****
Info: Internal Builder is used for build
gcc -o Gil.Miguel.Lab1.1A.exe "src\\Cliente.o" "src\\Fecha.o" "src\\Gil.Miguel.Lab1.1A.o" "src\\Informes.o" "src\\Marca.o" "src\\Menu.o" "src\\Notebook.o" "src\\Servicio.o" "src\\Tipo.o" "src\\Trabajo.o" "src\\Validaciones.o" 
10:12:41 **** Incremental Build of configuration Debug for project Gil.Miguel.Lab1.1A ****
Info: Internal Builder is used for build
gcc -O0 -g3 -Wall -c -fmessage-length=0 -o "src\\Trabajo.o" "..\\src\\Trabajo.c" 
gcc -O0 -g3 -Wall -c -fmessage-length=0 -o "src\\Gil.Miguel.Lab1.1A.o" "..\\src\\Gil.Miguel.Lab1.1A.c" 
gcc -o Gil.Miguel.Lab1.1A.exe "src\\Cliente.o" "src\\Fecha.o" "src\\Gil.Miguel.Lab1.1A.o" "src\\Informes.o" "src\\Marca.o" "src\\Menu.o" "src\\Notebook.o" "src\\Servicio.o" "src\\Tipo.o" "src\\Trabajo.o" "src\\Validaciones.o" 
10:40:06 **** Incremental Build of configuration Debug for project Gil.Miguel.Lab1.1A ****
Info: Internal Builder is used for build
gcc -O0 -g3 -Wall -c -fmessage-length=0 -o "src\\Menu.o" "..\\src\\Menu.c" 
gcc -O0 -g3 -Wall -c -fmessage-length=0 -o "src\\Trabajo.o" "..\\src\\Trabajo.c" 
gcc -O0 -g3 -Wall -c -fmessage-length=0 -o "src\\Fecha.o" "..\\src\\Fecha.c" 
gcc -O0 -g3 -Wall -c -fmessage-length=0 -o "src\\Notebook.o" "..\\src\\Notebook.c" 
gcc -O0 -g3 -Wall -c -fmessage-length=0 -o "src\\Gil.Miguel.Lab1.1A.o" "..\\src\\Gil.Miguel.Lab1.1A.c" 
gcc -O0 -g3 -Wall -c -fmessage-length=0 -o "src\\Servicio.o" "..\\src\\Servicio.c" 
gcc -o Gil.Miguel.Lab1.1A.exe "src\\Fecha.o" "src\\Gil.Miguel.Lab1.1A.o" "src\\Informes.o" "src\\Marca.o" "src\\Menu.o" "src\\Notebook.o" "src\\Servicio.o" "src\\Tipo.o" "src\\Trabajo.o" "src\\Validaciones.o" 
10:40:24 **** Incremental Build of configuration Debug for project Gil.Miguel.Lab1.1A ****
Info: Internal Builder is used for build
gcc -O0 -g3 -Wall -c -fmessage-length=0 -o "src\\Menu.o" "..\\src\\Menu.c" 
gcc -o Gil.Miguel.Lab1.1A.exe "src\\Fecha.o" "src\\Gil.Miguel.Lab1.1A.o" "src\\Informes.o" "src\\Marca.o" "src\\Menu.o" "src\\Notebook.o" "src\\Servicio.o" "src\\Tipo.o" "src\\Trabajo.o" "src\\Validaciones.o" 
10:40:45 **** Incremental Build of configuration Debug for project Gil.Miguel.Lab1.1A ****
Info: Internal Builder is used for build
gcc -O0 -g3 -Wall -c -fmessage-length=0 -o "src\\Menu.o" "..\\src\\Menu.c" 
gcc -o Gil.Miguel.Lab1.1A.exe "src\\Fecha.o" "src\\Gil.Miguel.Lab1.1A.o" "src\\Informes.o" "src\\Marca.o" "src\\Menu.o" "src\\Notebook.o" "src\\Servicio.o" "src\\Tipo.o" "src\\Trabajo.o" "src\\Validaciones.o" 
10:42:55 **** Incremental Build of configuration Debug for project Gil.Miguel.Lab1.1A ****
Info: Internal Builder is used for build
gcc -O0 -g3 -Wall -c -fmessage-length=0 -o "src\\Menu.o" "..\\src\\Menu.c" 
gcc -o Gil.Miguel.Lab1.1A.exe "src\\Fecha.o" "src\\Gil.Miguel.Lab1.1A.o" "src\\Marca.o" "src\\Menu.o" "src\\Notebook.o" "src\\Servicio.o" "src\\Tipo.o" "src\\Trabajo.o" "src\\Validaciones.o" 
Info: Nothing to build for Gil.Miguel.Lab1.1A
Info: Nothing to build for Gil.Miguel.Lab1.1A
